CRITICAL - 2022-03-25 00:11:06 --> Cannot declare class App\Controllers\Home, because the name is already in use
#0 [internal function]: CodeIgniter\Debug\Exceptions->shutdownHandler()
#1 {main}
CRITICAL - 2022-03-25 00:11:33 --> Cannot declare class App\Controllers\Home, because the name is already in use
#0 [internal function]: CodeIgniter\Debug\Exceptions->shutdownHandler()
#1 {main}
CRITICAL - 2022-03-25 00:12:29 --> Cannot declare class App\Controllers\Home, because the name is already in use
#0 [internal function]: CodeIgniter\Debug\Exceptions->shutdownHandler()
#1 {main}
CRITICAL - 2022-03-25 20:22:47 --> syntax error, unexpected ']'
#0 D:\xampp\codeigniter\project-root\vendor\codeigniter4\framework\system\View\View.php(213): CodeIgniter\View\View->CodeIgniter\View\{closure}()
#1 D:\xampp\codeigniter\project-root\vendor\codeigniter4\framework\system\Common.php(1089): CodeIgniter\View\View->render('yoyoDashboard', Array, true)
#2 D:\xampp\codeigniter\project-root\app\Controllers\Home.php(14): view('yoyoDashboard')
#3 D:\xampp\codeigniter\project-root\vendor\codeigniter4\framework\system\CodeIgniter.php(832): App\Controllers\Home->yoyo()
#4 D:\xampp\codeigniter\project-root\vendor\codeigniter4\framework\system\CodeIgniter.php(419): CodeIgniter\CodeIgniter->runController(Object(App\Controllers\Home))
#5 D:\xampp\codeigniter\project-root\vendor\codeigniter4\framework\system\CodeIgniter.php(326): CodeIgniter\CodeIgniter->handleRequest(NULL, Object(Config\Cache), false)
#6 D:\xampp\codeigniter\project-root\public\index.php(37): CodeIgniter\CodeIgniter->run()
#7 D:\xampp\codeigniter\project-root\vendor\codeigniter4\framework\system\Commands\Server\rewrite.php(43): require_once('D:\\xampp\\codeig...')
#8 {main}
CRITICAL - 2022-03-25 20:29:01 --> Can't use function return value in write context
#0 [internal function]: CodeIgniter\Debug\Exceptions->shutdownHandler()
#1 {main}
