CRITICAL - 2022-03-28 03:45:30 --> Undefined property: App\Controllers\Home::$load
#0 D:\xampp\codeigniter\project-root\app\Controllers\Home.php(9): CodeIgniter\Debug\Exceptions->errorHandler(8, 'Undefined prope...', 'D:\\xampp\\codeig...', 9, Array)
#1 D:\xampp\codeigniter\project-root\vendor\codeigniter4\framework\system\CodeIgniter.php(832): App\Controllers\Home->index()
#2 D:\xampp\codeigniter\project-root\vendor\codeigniter4\framework\system\CodeIgniter.php(419): CodeIgniter\CodeIgniter->runController(Object(App\Controllers\Home))
#3 D:\xampp\codeigniter\project-root\vendor\codeigniter4\framework\system\CodeIgniter.php(326): CodeIgniter\CodeIgniter->handleRequest(NULL, Object(Config\Cache), false)
#4 D:\xampp\codeigniter\project-root\public\index.php(37): CodeIgniter\CodeIgniter->run()
#5 D:\xampp\codeigniter\project-root\vendor\codeigniter4\framework\system\Commands\Server\rewrite.php(43): require_once('D:\\xampp\\codeig...')
#6 {main}
CRITICAL - 2022-03-28 03:45:39 --> Undefined property: App\Controllers\Home::$load
#0 D:\xampp\codeigniter\project-root\app\Controllers\Home.php(9): CodeIgniter\Debug\Exceptions->errorHandler(8, 'Undefined prope...', 'D:\\xampp\\codeig...', 9, Array)
#1 D:\xampp\codeigniter\project-root\vendor\codeigniter4\framework\system\CodeIgniter.php(832): App\Controllers\Home->index()
#2 D:\xampp\codeigniter\project-root\vendor\codeigniter4\framework\system\CodeIgniter.php(419): CodeIgniter\CodeIgniter->runController(Object(App\Controllers\Home))
#3 D:\xampp\codeigniter\project-root\vendor\codeigniter4\framework\system\CodeIgniter.php(326): CodeIgniter\CodeIgniter->handleRequest(NULL, Object(Config\Cache), false)
#4 D:\xampp\codeigniter\project-root\public\index.php(37): CodeIgniter\CodeIgniter->run()
#5 D:\xampp\codeigniter\project-root\vendor\codeigniter4\framework\system\Commands\Server\rewrite.php(43): require_once('D:\\xampp\\codeig...')
#6 {main}
CRITICAL - 2022-03-28 03:46:08 --> Undefined property: App\Controllers\Home::$load
#0 D:\xampp\codeigniter\project-root\app\Controllers\Home.php(9): CodeIgniter\Debug\Exceptions->errorHandler(8, 'Undefined prope...', 'D:\\xampp\\codeig...', 9, Array)
#1 D:\xampp\codeigniter\project-root\vendor\codeigniter4\framework\system\CodeIgniter.php(832): App\Controllers\Home->index()
#2 D:\xampp\codeigniter\project-root\vendor\codeigniter4\framework\system\CodeIgniter.php(419): CodeIgniter\CodeIgniter->runController(Object(App\Controllers\Home))
#3 D:\xampp\codeigniter\project-root\vendor\codeigniter4\framework\system\CodeIgniter.php(326): CodeIgniter\CodeIgniter->handleRequest(NULL, Object(Config\Cache), false)
#4 D:\xampp\codeigniter\project-root\public\index.php(37): CodeIgniter\CodeIgniter->run()
#5 D:\xampp\codeigniter\project-root\vendor\codeigniter4\framework\system\Commands\Server\rewrite.php(43): require_once('D:\\xampp\\codeig...')
#6 {main}
CRITICAL - 2022-03-28 03:50:33 --> Undefined property: App\Controllers\Home::$load
#0 D:\xampp\codeigniter\project-root\app\Controllers\Home.php(20): CodeIgniter\Debug\Exceptions->errorHandler(8, 'Undefined prope...', 'D:\\xampp\\codeig...', 20, Array)
#1 D:\xampp\codeigniter\project-root\vendor\codeigniter4\framework\system\CodeIgniter.php(832): App\Controllers\Home->tes()
#2 D:\xampp\codeigniter\project-root\vendor\codeigniter4\framework\system\CodeIgniter.php(419): CodeIgniter\CodeIgniter->runController(Object(App\Controllers\Home))
#3 D:\xampp\codeigniter\project-root\vendor\codeigniter4\framework\system\CodeIgniter.php(326): CodeIgniter\CodeIgniter->handleRequest(NULL, Object(Config\Cache), false)
#4 D:\xampp\codeigniter\project-root\public\index.php(37): CodeIgniter\CodeIgniter->run()
#5 D:\xampp\codeigniter\project-root\vendor\codeigniter4\framework\system\Commands\Server\rewrite.php(43): require_once('D:\\xampp\\codeig...')
#6 {main}
CRITICAL - 2022-03-28 03:50:44 --> Undefined property: App\Controllers\Home::$load
#0 D:\xampp\codeigniter\project-root\app\Controllers\Home.php(20): CodeIgniter\Debug\Exceptions->errorHandler(8, 'Undefined prope...', 'D:\\xampp\\codeig...', 20, Array)
#1 D:\xampp\codeigniter\project-root\vendor\codeigniter4\framework\system\CodeIgniter.php(832): App\Controllers\Home->tes()
#2 D:\xampp\codeigniter\project-root\vendor\codeigniter4\framework\system\CodeIgniter.php(419): CodeIgniter\CodeIgniter->runController(Object(App\Controllers\Home))
#3 D:\xampp\codeigniter\project-root\vendor\codeigniter4\framework\system\CodeIgniter.php(326): CodeIgniter\CodeIgniter->handleRequest(NULL, Object(Config\Cache), false)
#4 D:\xampp\codeigniter\project-root\public\index.php(37): CodeIgniter\CodeIgniter->run()
#5 D:\xampp\codeigniter\project-root\vendor\codeigniter4\framework\system\Commands\Server\rewrite.php(43): require_once('D:\\xampp\\codeig...')
#6 {main}
CRITICAL - 2022-03-28 04:01:34 --> Undefined property: App\Controllers\Home::$load
#0 D:\xampp\codeigniter\project-root\app\Controllers\Home.php(19): CodeIgniter\Debug\Exceptions->errorHandler(8, 'Undefined prope...', 'D:\\xampp\\codeig...', 19, Array)
#1 D:\xampp\codeigniter\project-root\vendor\codeigniter4\framework\system\CodeIgniter.php(832): App\Controllers\Home->tes()
#2 D:\xampp\codeigniter\project-root\vendor\codeigniter4\framework\system\CodeIgniter.php(419): CodeIgniter\CodeIgniter->runController(Object(App\Controllers\Home))
#3 D:\xampp\codeigniter\project-root\vendor\codeigniter4\framework\system\CodeIgniter.php(326): CodeIgniter\CodeIgniter->handleRequest(NULL, Object(Config\Cache), false)
#4 D:\xampp\codeigniter\project-root\public\index.php(37): CodeIgniter\CodeIgniter->run()
#5 D:\xampp\codeigniter\project-root\vendor\codeigniter4\framework\system\Commands\Server\rewrite.php(43): require_once('D:\\xampp\\codeig...')
#6 {main}
CRITICAL - 2022-03-28 04:01:35 --> Undefined property: App\Controllers\Home::$load
#0 D:\xampp\codeigniter\project-root\app\Controllers\Home.php(19): CodeIgniter\Debug\Exceptions->errorHandler(8, 'Undefined prope...', 'D:\\xampp\\codeig...', 19, Array)
#1 D:\xampp\codeigniter\project-root\vendor\codeigniter4\framework\system\CodeIgniter.php(832): App\Controllers\Home->tes()
#2 D:\xampp\codeigniter\project-root\vendor\codeigniter4\framework\system\CodeIgniter.php(419): CodeIgniter\CodeIgniter->runController(Object(App\Controllers\Home))
#3 D:\xampp\codeigniter\project-root\vendor\codeigniter4\framework\system\CodeIgniter.php(326): CodeIgniter\CodeIgniter->handleRequest(NULL, Object(Config\Cache), false)
#4 D:\xampp\codeigniter\project-root\public\index.php(37): CodeIgniter\CodeIgniter->run()
#5 D:\xampp\codeigniter\project-root\vendor\codeigniter4\framework\system\Commands\Server\rewrite.php(43): require_once('D:\\xampp\\codeig...')
#6 {main}
CRITICAL - 2022-03-28 04:01:36 --> Undefined property: App\Controllers\Home::$load
#0 D:\xampp\codeigniter\project-root\app\Controllers\Home.php(19): CodeIgniter\Debug\Exceptions->errorHandler(8, 'Undefined prope...', 'D:\\xampp\\codeig...', 19, Array)
#1 D:\xampp\codeigniter\project-root\vendor\codeigniter4\framework\system\CodeIgniter.php(832): App\Controllers\Home->tes()
#2 D:\xampp\codeigniter\project-root\vendor\codeigniter4\framework\system\CodeIgniter.php(419): CodeIgniter\CodeIgniter->runController(Object(App\Controllers\Home))
#3 D:\xampp\codeigniter\project-root\vendor\codeigniter4\framework\system\CodeIgniter.php(326): CodeIgniter\CodeIgniter->handleRequest(NULL, Object(Config\Cache), false)
#4 D:\xampp\codeigniter\project-root\public\index.php(37): CodeIgniter\CodeIgniter->run()
#5 D:\xampp\codeigniter\project-root\vendor\codeigniter4\framework\system\Commands\Server\rewrite.php(43): require_once('D:\\xampp\\codeig...')
#6 {main}
CRITICAL - 2022-03-28 04:01:36 --> Undefined property: App\Controllers\Home::$load
#0 D:\xampp\codeigniter\project-root\app\Controllers\Home.php(19): CodeIgniter\Debug\Exceptions->errorHandler(8, 'Undefined prope...', 'D:\\xampp\\codeig...', 19, Array)
#1 D:\xampp\codeigniter\project-root\vendor\codeigniter4\framework\system\CodeIgniter.php(832): App\Controllers\Home->tes()
#2 D:\xampp\codeigniter\project-root\vendor\codeigniter4\framework\system\CodeIgniter.php(419): CodeIgniter\CodeIgniter->runController(Object(App\Controllers\Home))
#3 D:\xampp\codeigniter\project-root\vendor\codeigniter4\framework\system\CodeIgniter.php(326): CodeIgniter\CodeIgniter->handleRequest(NULL, Object(Config\Cache), false)
#4 D:\xampp\codeigniter\project-root\public\index.php(37): CodeIgniter\CodeIgniter->run()
#5 D:\xampp\codeigniter\project-root\vendor\codeigniter4\framework\system\Commands\Server\rewrite.php(43): require_once('D:\\xampp\\codeig...')
#6 {main}
CRITICAL - 2022-03-28 04:01:46 --> Undefined property: App\Controllers\Home::$load
#0 D:\xampp\codeigniter\project-root\app\Controllers\Home.php(20): CodeIgniter\Debug\Exceptions->errorHandler(8, 'Undefined prope...', 'D:\\xampp\\codeig...', 20, Array)
#1 D:\xampp\codeigniter\project-root\vendor\codeigniter4\framework\system\CodeIgniter.php(832): App\Controllers\Home->tes()
#2 D:\xampp\codeigniter\project-root\vendor\codeigniter4\framework\system\CodeIgniter.php(419): CodeIgniter\CodeIgniter->runController(Object(App\Controllers\Home))
#3 D:\xampp\codeigniter\project-root\vendor\codeigniter4\framework\system\CodeIgniter.php(326): CodeIgniter\CodeIgniter->handleRequest(NULL, Object(Config\Cache), false)
#4 D:\xampp\codeigniter\project-root\public\index.php(37): CodeIgniter\CodeIgniter->run()
#5 D:\xampp\codeigniter\project-root\vendor\codeigniter4\framework\system\Commands\Server\rewrite.php(43): require_once('D:\\xampp\\codeig...')
#6 {main}
CRITICAL - 2022-03-28 04:11:05 --> Undefined property: App\Controllers\Home::$load
#0 D:\xampp\codeigniter\project-root\app\Controllers\Home.php(23): CodeIgniter\Debug\Exceptions->errorHandler(8, 'Undefined prope...', 'D:\\xampp\\codeig...', 23, Array)
#1 D:\xampp\codeigniter\project-root\vendor\codeigniter4\framework\system\CodeIgniter.php(809): App\Controllers\Home->__construct()
#2 D:\xampp\codeigniter\project-root\vendor\codeigniter4\framework\system\CodeIgniter.php(410): CodeIgniter\CodeIgniter->createController()
#3 D:\xampp\codeigniter\project-root\vendor\codeigniter4\framework\system\CodeIgniter.php(326): CodeIgniter\CodeIgniter->handleRequest(NULL, Object(Config\Cache), false)
#4 D:\xampp\codeigniter\project-root\public\index.php(37): CodeIgniter\CodeIgniter->run()
#5 D:\xampp\codeigniter\project-root\vendor\codeigniter4\framework\system\Commands\Server\rewrite.php(43): require_once('D:\\xampp\\codeig...')
#6 {main}
CRITICAL - 2022-03-28 04:11:09 --> Undefined property: App\Controllers\Home::$load
#0 D:\xampp\codeigniter\project-root\app\Controllers\Home.php(23): CodeIgniter\Debug\Exceptions->errorHandler(8, 'Undefined prope...', 'D:\\xampp\\codeig...', 23, Array)
#1 D:\xampp\codeigniter\project-root\vendor\codeigniter4\framework\system\CodeIgniter.php(809): App\Controllers\Home->__construct()
#2 D:\xampp\codeigniter\project-root\vendor\codeigniter4\framework\system\CodeIgniter.php(410): CodeIgniter\CodeIgniter->createController()
#3 D:\xampp\codeigniter\project-root\vendor\codeigniter4\framework\system\CodeIgniter.php(326): CodeIgniter\CodeIgniter->handleRequest(NULL, Object(Config\Cache), false)
#4 D:\xampp\codeigniter\project-root\public\index.php(37): CodeIgniter\CodeIgniter->run()
#5 D:\xampp\codeigniter\project-root\vendor\codeigniter4\framework\system\Commands\Server\rewrite.php(43): require_once('D:\\xampp\\codeig...')
#6 {main}
CRITICAL - 2022-03-28 04:12:26 --> Undefined property: App\Controllers\Home::$load
#0 D:\xampp\codeigniter\project-root\app\Controllers\Home.php(23): CodeIgniter\Debug\Exceptions->errorHandler(8, 'Undefined prope...', 'D:\\xampp\\codeig...', 23, Array)
#1 D:\xampp\codeigniter\project-root\vendor\codeigniter4\framework\system\CodeIgniter.php(809): App\Controllers\Home->__construct()
#2 D:\xampp\codeigniter\project-root\vendor\codeigniter4\framework\system\CodeIgniter.php(410): CodeIgniter\CodeIgniter->createController()
#3 D:\xampp\codeigniter\project-root\vendor\codeigniter4\framework\system\CodeIgniter.php(326): CodeIgniter\CodeIgniter->handleRequest(NULL, Object(Config\Cache), false)
#4 D:\xampp\codeigniter\project-root\public\index.php(37): CodeIgniter\CodeIgniter->run()
#5 D:\xampp\codeigniter\project-root\vendor\codeigniter4\framework\system\Commands\Server\rewrite.php(43): require_once('D:\\xampp\\codeig...')
#6 {main}
CRITICAL - 2022-03-28 04:12:27 --> Undefined property: App\Controllers\Home::$load
#0 D:\xampp\codeigniter\project-root\app\Controllers\Home.php(23): CodeIgniter\Debug\Exceptions->errorHandler(8, 'Undefined prope...', 'D:\\xampp\\codeig...', 23, Array)
#1 D:\xampp\codeigniter\project-root\vendor\codeigniter4\framework\system\CodeIgniter.php(809): App\Controllers\Home->__construct()
#2 D:\xampp\codeigniter\project-root\vendor\codeigniter4\framework\system\CodeIgniter.php(410): CodeIgniter\CodeIgniter->createController()
#3 D:\xampp\codeigniter\project-root\vendor\codeigniter4\framework\system\CodeIgniter.php(326): CodeIgniter\CodeIgniter->handleRequest(NULL, Object(Config\Cache), false)
#4 D:\xampp\codeigniter\project-root\public\index.php(37): CodeIgniter\CodeIgniter->run()
#5 D:\xampp\codeigniter\project-root\vendor\codeigniter4\framework\system\Commands\Server\rewrite.php(43): require_once('D:\\xampp\\codeig...')
#6 {main}
CRITICAL - 2022-03-28 04:22:45 --> Undefined property: App\Controllers\Home::$load
#0 D:\xampp\codeigniter\project-root\app\Controllers\Home.php(23): CodeIgniter\Debug\Exceptions->errorHandler(8, 'Undefined prope...', 'D:\\xampp\\codeig...', 23, Array)
#1 D:\xampp\codeigniter\project-root\vendor\codeigniter4\framework\system\CodeIgniter.php(809): App\Controllers\Home->__construct()
#2 D:\xampp\codeigniter\project-root\vendor\codeigniter4\framework\system\CodeIgniter.php(410): CodeIgniter\CodeIgniter->createController()
#3 D:\xampp\codeigniter\project-root\vendor\codeigniter4\framework\system\CodeIgniter.php(326): CodeIgniter\CodeIgniter->handleRequest(NULL, Object(Config\Cache), false)
#4 D:\xampp\codeigniter\project-root\public\index.php(37): CodeIgniter\CodeIgniter->run()
#5 D:\xampp\codeigniter\project-root\vendor\codeigniter4\framework\system\Commands\Server\rewrite.php(43): require_once('D:\\xampp\\codeig...')
#6 {main}
CRITICAL - 2022-03-28 21:57:21 --> Undefined index: todo
#0 D:\xampp\codeigniter\project-root\app\Views\tes.php(77): CodeIgniter\Debug\Exceptions->errorHandler(8, 'Undefined index...', 'D:\\xampp\\codeig...', 77, Array)
#1 D:\xampp\codeigniter\project-root\vendor\codeigniter4\framework\system\View\View.php(210): include('D:\\xampp\\codeig...')
#2 D:\xampp\codeigniter\project-root\vendor\codeigniter4\framework\system\View\View.php(213): CodeIgniter\View\View->CodeIgniter\View\{closure}()
#3 D:\xampp\codeigniter\project-root\vendor\codeigniter4\framework\system\Common.php(1089): CodeIgniter\View\View->render('tes', Array, true)
#4 D:\xampp\codeigniter\project-root\app\Controllers\Home.php(19): view('tes')
#5 D:\xampp\codeigniter\project-root\vendor\codeigniter4\framework\system\CodeIgniter.php(832): App\Controllers\Home->tes()
#6 D:\xampp\codeigniter\project-root\vendor\codeigniter4\framework\system\CodeIgniter.php(419): CodeIgniter\CodeIgniter->runController(Object(App\Controllers\Home))
#7 D:\xampp\codeigniter\project-root\vendor\codeigniter4\framework\system\CodeIgniter.php(326): CodeIgniter\CodeIgniter->handleRequest(NULL, Object(Config\Cache), false)
#8 D:\xampp\codeigniter\project-root\public\index.php(37): CodeIgniter\CodeIgniter->run()
#9 D:\xampp\codeigniter\project-root\vendor\codeigniter4\framework\system\Commands\Server\rewrite.php(43): require_once('D:\\xampp\\codeig...')
#10 {main}
CRITICAL - 2022-03-28 21:58:58 --> Undefined index: todo
#0 D:\xampp\codeigniter\project-root\app\Views\tes.php(77): CodeIgniter\Debug\Exceptions->errorHandler(8, 'Undefined index...', 'D:\\xampp\\codeig...', 77, Array)
#1 D:\xampp\codeigniter\project-root\vendor\codeigniter4\framework\system\View\View.php(210): include('D:\\xampp\\codeig...')
#2 D:\xampp\codeigniter\project-root\vendor\codeigniter4\framework\system\View\View.php(213): CodeIgniter\View\View->CodeIgniter\View\{closure}()
#3 D:\xampp\codeigniter\project-root\vendor\codeigniter4\framework\system\Common.php(1089): CodeIgniter\View\View->render('tes', Array, true)
#4 D:\xampp\codeigniter\project-root\app\Controllers\Home.php(19): view('tes')
#5 D:\xampp\codeigniter\project-root\vendor\codeigniter4\framework\system\CodeIgniter.php(832): App\Controllers\Home->tes()
#6 D:\xampp\codeigniter\project-root\vendor\codeigniter4\framework\system\CodeIgniter.php(419): CodeIgniter\CodeIgniter->runController(Object(App\Controllers\Home))
#7 D:\xampp\codeigniter\project-root\vendor\codeigniter4\framework\system\CodeIgniter.php(326): CodeIgniter\CodeIgniter->handleRequest(NULL, Object(Config\Cache), false)
#8 D:\xampp\codeigniter\project-root\public\index.php(37): CodeIgniter\CodeIgniter->run()
#9 D:\xampp\codeigniter\project-root\vendor\codeigniter4\framework\system\Commands\Server\rewrite.php(43): require_once('D:\\xampp\\codeig...')
#10 {main}
CRITICAL - 2022-03-28 22:00:02 --> Undefined index: todo
#0 D:\xampp\codeigniter\project-root\app\Views\tes.php(77): CodeIgniter\Debug\Exceptions->errorHandler(8, 'Undefined index...', 'D:\\xampp\\codeig...', 77, Array)
#1 D:\xampp\codeigniter\project-root\vendor\codeigniter4\framework\system\View\View.php(210): include('D:\\xampp\\codeig...')
#2 D:\xampp\codeigniter\project-root\vendor\codeigniter4\framework\system\View\View.php(213): CodeIgniter\View\View->CodeIgniter\View\{closure}()
#3 D:\xampp\codeigniter\project-root\vendor\codeigniter4\framework\system\Common.php(1089): CodeIgniter\View\View->render('tes', Array, true)
#4 D:\xampp\codeigniter\project-root\app\Controllers\Home.php(19): view('tes')
#5 D:\xampp\codeigniter\project-root\vendor\codeigniter4\framework\system\CodeIgniter.php(832): App\Controllers\Home->tes()
#6 D:\xampp\codeigniter\project-root\vendor\codeigniter4\framework\system\CodeIgniter.php(419): CodeIgniter\CodeIgniter->runController(Object(App\Controllers\Home))
#7 D:\xampp\codeigniter\project-root\vendor\codeigniter4\framework\system\CodeIgniter.php(326): CodeIgniter\CodeIgniter->handleRequest(NULL, Object(Config\Cache), false)
#8 D:\xampp\codeigniter\project-root\public\index.php(37): CodeIgniter\CodeIgniter->run()
#9 D:\xampp\codeigniter\project-root\vendor\codeigniter4\framework\system\Commands\Server\rewrite.php(43): require_once('D:\\xampp\\codeig...')
#10 {main}
CRITICAL - 2022-03-28 22:00:31 --> Undefined index: to do
#0 D:\xampp\codeigniter\project-root\app\Views\tes.php(77): CodeIgniter\Debug\Exceptions->errorHandler(8, 'Undefined index...', 'D:\\xampp\\codeig...', 77, Array)
#1 D:\xampp\codeigniter\project-root\vendor\codeigniter4\framework\system\View\View.php(210): include('D:\\xampp\\codeig...')
#2 D:\xampp\codeigniter\project-root\vendor\codeigniter4\framework\system\View\View.php(213): CodeIgniter\View\View->CodeIgniter\View\{closure}()
#3 D:\xampp\codeigniter\project-root\vendor\codeigniter4\framework\system\Common.php(1089): CodeIgniter\View\View->render('tes', Array, true)
#4 D:\xampp\codeigniter\project-root\app\Controllers\Home.php(19): view('tes')
#5 D:\xampp\codeigniter\project-root\vendor\codeigniter4\framework\system\CodeIgniter.php(832): App\Controllers\Home->tes()
#6 D:\xampp\codeigniter\project-root\vendor\codeigniter4\framework\system\CodeIgniter.php(419): CodeIgniter\CodeIgniter->runController(Object(App\Controllers\Home))
#7 D:\xampp\codeigniter\project-root\vendor\codeigniter4\framework\system\CodeIgniter.php(326): CodeIgniter\CodeIgniter->handleRequest(NULL, Object(Config\Cache), false)
#8 D:\xampp\codeigniter\project-root\public\index.php(37): CodeIgniter\CodeIgniter->run()
#9 D:\xampp\codeigniter\project-root\vendor\codeigniter4\framework\system\Commands\Server\rewrite.php(43): require_once('D:\\xampp\\codeig...')
#10 {main}
CRITICAL - 2022-03-28 22:02:22 --> Illegal offset type
#0 [internal function]: CodeIgniter\Debug\Exceptions->shutdownHandler()
#1 {main}
CRITICAL - 2022-03-28 22:02:22 --> Illegal offset type
#0 [internal function]: CodeIgniter\Debug\Exceptions->shutdownHandler()
#1 {main}
CRITICAL - 2022-03-28 23:47:44 --> Undefined variable: _totalrow
#0 D:\xampp\codeigniter\project-root\app\Views\tes.php(56): CodeIgniter\Debug\Exceptions->errorHandler(8, 'Undefined varia...', 'D:\\xampp\\codeig...', 56, Array)
#1 D:\xampp\codeigniter\project-root\vendor\codeigniter4\framework\system\View\View.php(210): include('D:\\xampp\\codeig...')
#2 D:\xampp\codeigniter\project-root\vendor\codeigniter4\framework\system\View\View.php(213): CodeIgniter\View\View->CodeIgniter\View\{closure}()
#3 D:\xampp\codeigniter\project-root\vendor\codeigniter4\framework\system\Common.php(1089): CodeIgniter\View\View->render('tes', Array, true)
#4 D:\xampp\codeigniter\project-root\app\Controllers\Home.php(19): view('tes')
#5 D:\xampp\codeigniter\project-root\vendor\codeigniter4\framework\system\CodeIgniter.php(832): App\Controllers\Home->tes()
#6 D:\xampp\codeigniter\project-root\vendor\codeigniter4\framework\system\CodeIgniter.php(419): CodeIgniter\CodeIgniter->runController(Object(App\Controllers\Home))
#7 D:\xampp\codeigniter\project-root\vendor\codeigniter4\framework\system\CodeIgniter.php(326): CodeIgniter\CodeIgniter->handleRequest(NULL, Object(Config\Cache), false)
#8 D:\xampp\codeigniter\project-root\public\index.php(37): CodeIgniter\CodeIgniter->run()
#9 D:\xampp\codeigniter\project-root\vendor\codeigniter4\framework\system\Commands\Server\rewrite.php(43): require_once('D:\\xampp\\codeig...')
#10 {main}
