CRITICAL - 2022-06-14 03:21:23 --> Undefined property: App\Controllers\Page::$builder
#0 D:\xampp\codeigniter\project-root\app\Controllers\Page.php(39): CodeIgniter\Debug\Exceptions->errorHandler(8, 'Undefined prope...', 'D:\\xampp\\codeig...', 39, Array)
#1 D:\xampp\codeigniter\project-root\vendor\codeigniter4\framework\system\CodeIgniter.php(832): App\Controllers\Page->datakeluarga()
#2 D:\xampp\codeigniter\project-root\vendor\codeigniter4\framework\system\CodeIgniter.php(419): CodeIgniter\CodeIgniter->runController(Object(App\Controllers\Page))
#3 D:\xampp\codeigniter\project-root\vendor\codeigniter4\framework\system\CodeIgniter.php(326): CodeIgniter\CodeIgniter->handleRequest(NULL, Object(Config\Cache), false)
#4 D:\xampp\codeigniter\project-root\public\index.php(37): CodeIgniter\CodeIgniter->run()
#5 D:\xampp\codeigniter\project-root\vendor\codeigniter4\framework\system\Commands\Server\rewrite.php(43): require_once('D:\\xampp\\codeig...')
#6 {main}
CRITICAL - 2022-06-14 03:24:14 --> Undefined property: App\Controllers\Page::$builder
#0 D:\xampp\codeigniter\project-root\app\Controllers\Page.php(39): CodeIgniter\Debug\Exceptions->errorHandler(8, 'Undefined prope...', 'D:\\xampp\\codeig...', 39, Array)
#1 D:\xampp\codeigniter\project-root\vendor\codeigniter4\framework\system\CodeIgniter.php(832): App\Controllers\Page->datakeluarga()
#2 D:\xampp\codeigniter\project-root\vendor\codeigniter4\framework\system\CodeIgniter.php(419): CodeIgniter\CodeIgniter->runController(Object(App\Controllers\Page))
#3 D:\xampp\codeigniter\project-root\vendor\codeigniter4\framework\system\CodeIgniter.php(326): CodeIgniter\CodeIgniter->handleRequest(NULL, Object(Config\Cache), false)
#4 D:\xampp\codeigniter\project-root\public\index.php(37): CodeIgniter\CodeIgniter->run()
#5 D:\xampp\codeigniter\project-root\vendor\codeigniter4\framework\system\Commands\Server\rewrite.php(43): require_once('D:\\xampp\\codeig...')
#6 {main}
CRITICAL - 2022-06-14 03:40:31 --> Call to a member function get() on null
#0 D:\xampp\codeigniter\project-root\vendor\codeigniter4\framework\system\CodeIgniter.php(832): App\Controllers\Home->showData()
#1 D:\xampp\codeigniter\project-root\vendor\codeigniter4\framework\system\CodeIgniter.php(419): CodeIgniter\CodeIgniter->runController(Object(App\Controllers\Home))
#2 D:\xampp\codeigniter\project-root\vendor\codeigniter4\framework\system\CodeIgniter.php(326): CodeIgniter\CodeIgniter->handleRequest(NULL, Object(Config\Cache), false)
#3 D:\xampp\codeigniter\project-root\public\index.php(37): CodeIgniter\CodeIgniter->run()
#4 D:\xampp\codeigniter\project-root\vendor\codeigniter4\framework\system\Commands\Server\rewrite.php(43): require_once('D:\\xampp\\codeig...')
#5 {main}
CRITICAL - 2022-06-14 06:34:59 --> Cannot use object of type stdClass as array
#0 D:\xampp\codeigniter\project-root\vendor\codeigniter4\framework\system\CodeIgniter.php(832): App\Controllers\Home->prosesLogin()
#1 D:\xampp\codeigniter\project-root\vendor\codeigniter4\framework\system\CodeIgniter.php(419): CodeIgniter\CodeIgniter->runController(Object(App\Controllers\Home))
#2 D:\xampp\codeigniter\project-root\vendor\codeigniter4\framework\system\CodeIgniter.php(326): CodeIgniter\CodeIgniter->handleRequest(NULL, Object(Config\Cache), false)
#3 D:\xampp\codeigniter\project-root\public\index.php(37): CodeIgniter\CodeIgniter->run()
#4 D:\xampp\codeigniter\project-root\vendor\codeigniter4\framework\system\Commands\Server\rewrite.php(43): require_once('D:\\xampp\\codeig...')
#5 {main}
CRITICAL - 2022-06-14 06:35:25 --> Cannot use object of type stdClass as array
#0 D:\xampp\codeigniter\project-root\vendor\codeigniter4\framework\system\CodeIgniter.php(832): App\Controllers\Home->prosesLogin()
#1 D:\xampp\codeigniter\project-root\vendor\codeigniter4\framework\system\CodeIgniter.php(419): CodeIgniter\CodeIgniter->runController(Object(App\Controllers\Home))
#2 D:\xampp\codeigniter\project-root\vendor\codeigniter4\framework\system\CodeIgniter.php(326): CodeIgniter\CodeIgniter->handleRequest(NULL, Object(Config\Cache), false)
#3 D:\xampp\codeigniter\project-root\public\index.php(37): CodeIgniter\CodeIgniter->run()
#4 D:\xampp\codeigniter\project-root\vendor\codeigniter4\framework\system\Commands\Server\rewrite.php(43): require_once('D:\\xampp\\codeig...')
#5 {main}
CRITICAL - 2022-06-14 06:35:55 --> Cannot use object of type stdClass as array
#0 D:\xampp\codeigniter\project-root\vendor\codeigniter4\framework\system\CodeIgniter.php(832): App\Controllers\Home->prosesLogin()
#1 D:\xampp\codeigniter\project-root\vendor\codeigniter4\framework\system\CodeIgniter.php(419): CodeIgniter\CodeIgniter->runController(Object(App\Controllers\Home))
#2 D:\xampp\codeigniter\project-root\vendor\codeigniter4\framework\system\CodeIgniter.php(326): CodeIgniter\CodeIgniter->handleRequest(NULL, Object(Config\Cache), false)
#3 D:\xampp\codeigniter\project-root\public\index.php(37): CodeIgniter\CodeIgniter->run()
#4 D:\xampp\codeigniter\project-root\vendor\codeigniter4\framework\system\Commands\Server\rewrite.php(43): require_once('D:\\xampp\\codeig...')
#5 {main}
CRITICAL - 2022-06-14 07:27:09 --> Undefined index: nama
#0 D:\xampp\codeigniter\project-root\app\Views\header.php(53): CodeIgniter\Debug\Exceptions->errorHandler(8, 'Undefined index...', 'D:\\xampp\\codeig...', 53, Array)
#1 D:\xampp\codeigniter\project-root\vendor\codeigniter4\framework\system\View\View.php(210): include('D:\\xampp\\codeig...')
#2 D:\xampp\codeigniter\project-root\vendor\codeigniter4\framework\system\View\View.php(213): CodeIgniter\View\View->CodeIgniter\View\{closure}()
#3 D:\xampp\codeigniter\project-root\vendor\codeigniter4\framework\system\Common.php(1089): CodeIgniter\View\View->render('header', Array, true)
#4 D:\xampp\codeigniter\project-root\app\Controllers\Home.php(26): view('header')
#5 D:\xampp\codeigniter\project-root\vendor\codeigniter4\framework\system\CodeIgniter.php(832): App\Controllers\Home->index()
#6 D:\xampp\codeigniter\project-root\vendor\codeigniter4\framework\system\CodeIgniter.php(419): CodeIgniter\CodeIgniter->runController(Object(App\Controllers\Home))
#7 D:\xampp\codeigniter\project-root\vendor\codeigniter4\framework\system\CodeIgniter.php(326): CodeIgniter\CodeIgniter->handleRequest(NULL, Object(Config\Cache), false)
#8 D:\xampp\codeigniter\project-root\public\index.php(37): CodeIgniter\CodeIgniter->run()
#9 D:\xampp\codeigniter\project-root\vendor\codeigniter4\framework\system\Commands\Server\rewrite.php(43): require_once('D:\\xampp\\codeig...')
#10 {main}
CRITICAL - 2022-06-14 07:27:40 --> Undefined index: nama
#0 D:\xampp\codeigniter\project-root\app\Views\header.php(53): CodeIgniter\Debug\Exceptions->errorHandler(8, 'Undefined index...', 'D:\\xampp\\codeig...', 53, Array)
#1 D:\xampp\codeigniter\project-root\vendor\codeigniter4\framework\system\View\View.php(210): include('D:\\xampp\\codeig...')
#2 D:\xampp\codeigniter\project-root\vendor\codeigniter4\framework\system\View\View.php(213): CodeIgniter\View\View->CodeIgniter\View\{closure}()
#3 D:\xampp\codeigniter\project-root\vendor\codeigniter4\framework\system\Common.php(1089): CodeIgniter\View\View->render('header', Array, true)
#4 D:\xampp\codeigniter\project-root\app\Controllers\Home.php(26): view('header')
#5 D:\xampp\codeigniter\project-root\vendor\codeigniter4\framework\system\CodeIgniter.php(832): App\Controllers\Home->index()
#6 D:\xampp\codeigniter\project-root\vendor\codeigniter4\framework\system\CodeIgniter.php(419): CodeIgniter\CodeIgniter->runController(Object(App\Controllers\Home))
#7 D:\xampp\codeigniter\project-root\vendor\codeigniter4\framework\system\CodeIgniter.php(326): CodeIgniter\CodeIgniter->handleRequest(NULL, Object(Config\Cache), false)
#8 D:\xampp\codeigniter\project-root\public\index.php(37): CodeIgniter\CodeIgniter->run()
#9 D:\xampp\codeigniter\project-root\vendor\codeigniter4\framework\system\Commands\Server\rewrite.php(43): require_once('D:\\xampp\\codeig...')
#10 {main}
CRITICAL - 2022-06-14 07:27:42 --> Undefined index: nama
#0 D:\xampp\codeigniter\project-root\app\Views\header.php(53): CodeIgniter\Debug\Exceptions->errorHandler(8, 'Undefined index...', 'D:\\xampp\\codeig...', 53, Array)
#1 D:\xampp\codeigniter\project-root\vendor\codeigniter4\framework\system\View\View.php(210): include('D:\\xampp\\codeig...')
#2 D:\xampp\codeigniter\project-root\vendor\codeigniter4\framework\system\View\View.php(213): CodeIgniter\View\View->CodeIgniter\View\{closure}()
#3 D:\xampp\codeigniter\project-root\vendor\codeigniter4\framework\system\Common.php(1089): CodeIgniter\View\View->render('header', Array, true)
#4 D:\xampp\codeigniter\project-root\app\Controllers\Home.php(26): view('header')
#5 D:\xampp\codeigniter\project-root\vendor\codeigniter4\framework\system\CodeIgniter.php(832): App\Controllers\Home->index()
#6 D:\xampp\codeigniter\project-root\vendor\codeigniter4\framework\system\CodeIgniter.php(419): CodeIgniter\CodeIgniter->runController(Object(App\Controllers\Home))
#7 D:\xampp\codeigniter\project-root\vendor\codeigniter4\framework\system\CodeIgniter.php(326): CodeIgniter\CodeIgniter->handleRequest(NULL, Object(Config\Cache), false)
#8 D:\xampp\codeigniter\project-root\public\index.php(37): CodeIgniter\CodeIgniter->run()
#9 D:\xampp\codeigniter\project-root\vendor\codeigniter4\framework\system\Commands\Server\rewrite.php(43): require_once('D:\\xampp\\codeig...')
#10 {main}
CRITICAL - 2022-06-14 07:27:46 --> Undefined index: nama
#0 D:\xampp\codeigniter\project-root\app\Views\header.php(53): CodeIgniter\Debug\Exceptions->errorHandler(8, 'Undefined index...', 'D:\\xampp\\codeig...', 53, Array)
#1 D:\xampp\codeigniter\project-root\vendor\codeigniter4\framework\system\View\View.php(210): include('D:\\xampp\\codeig...')
#2 D:\xampp\codeigniter\project-root\vendor\codeigniter4\framework\system\View\View.php(213): CodeIgniter\View\View->CodeIgniter\View\{closure}()
#3 D:\xampp\codeigniter\project-root\vendor\codeigniter4\framework\system\Common.php(1089): CodeIgniter\View\View->render('header', Array, true)
#4 D:\xampp\codeigniter\project-root\app\Controllers\Home.php(26): view('header')
#5 D:\xampp\codeigniter\project-root\vendor\codeigniter4\framework\system\CodeIgniter.php(832): App\Controllers\Home->index()
#6 D:\xampp\codeigniter\project-root\vendor\codeigniter4\framework\system\CodeIgniter.php(419): CodeIgniter\CodeIgniter->runController(Object(App\Controllers\Home))
#7 D:\xampp\codeigniter\project-root\vendor\codeigniter4\framework\system\CodeIgniter.php(326): CodeIgniter\CodeIgniter->handleRequest(NULL, Object(Config\Cache), false)
#8 D:\xampp\codeigniter\project-root\public\index.php(37): CodeIgniter\CodeIgniter->run()
#9 D:\xampp\codeigniter\project-root\vendor\codeigniter4\framework\system\Commands\Server\rewrite.php(43): require_once('D:\\xampp\\codeig...')
#10 {main}
CRITICAL - 2022-06-14 07:33:48 --> Undefined property: App\Controllers\Home::$session
#0 D:\xampp\codeigniter\project-root\app\Controllers\Home.php(13): CodeIgniter\Debug\Exceptions->errorHandler(8, 'Undefined prope...', 'D:\\xampp\\codeig...', 13, Array)
#1 D:\xampp\codeigniter\project-root\vendor\codeigniter4\framework\system\CodeIgniter.php(809): App\Controllers\Home->__construct()
#2 D:\xampp\codeigniter\project-root\vendor\codeigniter4\framework\system\CodeIgniter.php(410): CodeIgniter\CodeIgniter->createController()
#3 D:\xampp\codeigniter\project-root\vendor\codeigniter4\framework\system\CodeIgniter.php(326): CodeIgniter\CodeIgniter->handleRequest(NULL, Object(Config\Cache), false)
#4 D:\xampp\codeigniter\project-root\public\index.php(37): CodeIgniter\CodeIgniter->run()
#5 D:\xampp\codeigniter\project-root\vendor\codeigniter4\framework\system\Commands\Server\rewrite.php(43): require_once('D:\\xampp\\codeig...')
#6 {main}
CRITICAL - 2022-06-14 07:33:49 --> Undefined property: App\Controllers\Home::$session
#0 D:\xampp\codeigniter\project-root\app\Controllers\Home.php(13): CodeIgniter\Debug\Exceptions->errorHandler(8, 'Undefined prope...', 'D:\\xampp\\codeig...', 13, Array)
#1 D:\xampp\codeigniter\project-root\vendor\codeigniter4\framework\system\CodeIgniter.php(809): App\Controllers\Home->__construct()
#2 D:\xampp\codeigniter\project-root\vendor\codeigniter4\framework\system\CodeIgniter.php(410): CodeIgniter\CodeIgniter->createController()
#3 D:\xampp\codeigniter\project-root\vendor\codeigniter4\framework\system\CodeIgniter.php(326): CodeIgniter\CodeIgniter->handleRequest(NULL, Object(Config\Cache), false)
#4 D:\xampp\codeigniter\project-root\public\index.php(37): CodeIgniter\CodeIgniter->run()
#5 D:\xampp\codeigniter\project-root\vendor\codeigniter4\framework\system\Commands\Server\rewrite.php(43): require_once('D:\\xampp\\codeig...')
#6 {main}
CRITICAL - 2022-06-14 07:34:09 --> Undefined index: nama
#0 D:\xampp\codeigniter\project-root\app\Views\header.php(53): CodeIgniter\Debug\Exceptions->errorHandler(8, 'Undefined index...', 'D:\\xampp\\codeig...', 53, Array)
#1 D:\xampp\codeigniter\project-root\vendor\codeigniter4\framework\system\View\View.php(210): include('D:\\xampp\\codeig...')
#2 D:\xampp\codeigniter\project-root\vendor\codeigniter4\framework\system\View\View.php(213): CodeIgniter\View\View->CodeIgniter\View\{closure}()
#3 D:\xampp\codeigniter\project-root\vendor\codeigniter4\framework\system\Common.php(1089): CodeIgniter\View\View->render('header', Array, true)
#4 D:\xampp\codeigniter\project-root\app\Controllers\Home.php(27): view('header')
#5 D:\xampp\codeigniter\project-root\vendor\codeigniter4\framework\system\CodeIgniter.php(832): App\Controllers\Home->index()
#6 D:\xampp\codeigniter\project-root\vendor\codeigniter4\framework\system\CodeIgniter.php(419): CodeIgniter\CodeIgniter->runController(Object(App\Controllers\Home))
#7 D:\xampp\codeigniter\project-root\vendor\codeigniter4\framework\system\CodeIgniter.php(326): CodeIgniter\CodeIgniter->handleRequest(NULL, Object(Config\Cache), false)
#8 D:\xampp\codeigniter\project-root\public\index.php(37): CodeIgniter\CodeIgniter->run()
#9 D:\xampp\codeigniter\project-root\vendor\codeigniter4\framework\system\Commands\Server\rewrite.php(43): require_once('D:\\xampp\\codeig...')
#10 {main}
CRITICAL - 2022-06-14 07:34:37 --> Undefined index: nama
#0 D:\xampp\codeigniter\project-root\app\Views\header.php(53): CodeIgniter\Debug\Exceptions->errorHandler(8, 'Undefined index...', 'D:\\xampp\\codeig...', 53, Array)
#1 D:\xampp\codeigniter\project-root\vendor\codeigniter4\framework\system\View\View.php(210): include('D:\\xampp\\codeig...')
#2 D:\xampp\codeigniter\project-root\vendor\codeigniter4\framework\system\View\View.php(213): CodeIgniter\View\View->CodeIgniter\View\{closure}()
#3 D:\xampp\codeigniter\project-root\vendor\codeigniter4\framework\system\Common.php(1089): CodeIgniter\View\View->render('header', Array, true)
#4 D:\xampp\codeigniter\project-root\app\Controllers\Home.php(27): view('header')
#5 D:\xampp\codeigniter\project-root\vendor\codeigniter4\framework\system\CodeIgniter.php(832): App\Controllers\Home->index()
#6 D:\xampp\codeigniter\project-root\vendor\codeigniter4\framework\system\CodeIgniter.php(419): CodeIgniter\CodeIgniter->runController(Object(App\Controllers\Home))
#7 D:\xampp\codeigniter\project-root\vendor\codeigniter4\framework\system\CodeIgniter.php(326): CodeIgniter\CodeIgniter->handleRequest(NULL, Object(Config\Cache), false)
#8 D:\xampp\codeigniter\project-root\public\index.php(37): CodeIgniter\CodeIgniter->run()
#9 D:\xampp\codeigniter\project-root\vendor\codeigniter4\framework\system\Commands\Server\rewrite.php(43): require_once('D:\\xampp\\codeig...')
#10 {main}
CRITICAL - 2022-06-14 07:39:02 --> Undefined index: nama
#0 D:\xampp\codeigniter\project-root\app\Views\header.php(53): CodeIgniter\Debug\Exceptions->errorHandler(8, 'Undefined index...', 'D:\\xampp\\codeig...', 53, Array)
#1 D:\xampp\codeigniter\project-root\vendor\codeigniter4\framework\system\View\View.php(210): include('D:\\xampp\\codeig...')
#2 D:\xampp\codeigniter\project-root\vendor\codeigniter4\framework\system\View\View.php(213): CodeIgniter\View\View->CodeIgniter\View\{closure}()
#3 D:\xampp\codeigniter\project-root\vendor\codeigniter4\framework\system\Common.php(1089): CodeIgniter\View\View->render('header', Array, true)
#4 D:\xampp\codeigniter\project-root\app\Controllers\Home.php(29): view('header')
#5 D:\xampp\codeigniter\project-root\vendor\codeigniter4\framework\system\CodeIgniter.php(832): App\Controllers\Home->index()
#6 D:\xampp\codeigniter\project-root\vendor\codeigniter4\framework\system\CodeIgniter.php(419): CodeIgniter\CodeIgniter->runController(Object(App\Controllers\Home))
#7 D:\xampp\codeigniter\project-root\vendor\codeigniter4\framework\system\CodeIgniter.php(326): CodeIgniter\CodeIgniter->handleRequest(NULL, Object(Config\Cache), false)
#8 D:\xampp\codeigniter\project-root\public\index.php(37): CodeIgniter\CodeIgniter->run()
#9 D:\xampp\codeigniter\project-root\vendor\codeigniter4\framework\system\Commands\Server\rewrite.php(43): require_once('D:\\xampp\\codeig...')
#10 {main}
CRITICAL - 2022-06-14 07:39:03 --> Undefined index: nama
#0 D:\xampp\codeigniter\project-root\app\Views\header.php(53): CodeIgniter\Debug\Exceptions->errorHandler(8, 'Undefined index...', 'D:\\xampp\\codeig...', 53, Array)
#1 D:\xampp\codeigniter\project-root\vendor\codeigniter4\framework\system\View\View.php(210): include('D:\\xampp\\codeig...')
#2 D:\xampp\codeigniter\project-root\vendor\codeigniter4\framework\system\View\View.php(213): CodeIgniter\View\View->CodeIgniter\View\{closure}()
#3 D:\xampp\codeigniter\project-root\vendor\codeigniter4\framework\system\Common.php(1089): CodeIgniter\View\View->render('header', Array, true)
#4 D:\xampp\codeigniter\project-root\app\Controllers\Home.php(29): view('header')
#5 D:\xampp\codeigniter\project-root\vendor\codeigniter4\framework\system\CodeIgniter.php(832): App\Controllers\Home->index()
#6 D:\xampp\codeigniter\project-root\vendor\codeigniter4\framework\system\CodeIgniter.php(419): CodeIgniter\CodeIgniter->runController(Object(App\Controllers\Home))
#7 D:\xampp\codeigniter\project-root\vendor\codeigniter4\framework\system\CodeIgniter.php(326): CodeIgniter\CodeIgniter->handleRequest(NULL, Object(Config\Cache), false)
#8 D:\xampp\codeigniter\project-root\public\index.php(37): CodeIgniter\CodeIgniter->run()
#9 D:\xampp\codeigniter\project-root\vendor\codeigniter4\framework\system\Commands\Server\rewrite.php(43): require_once('D:\\xampp\\codeig...')
#10 {main}
CRITICAL - 2022-06-14 07:39:38 --> session_start(): A session had already been started - ignoring
#0 [internal function]: CodeIgniter\Debug\Exceptions->errorHandler(8, 'session_start()...', 'D:\\xampp\\codeig...', 44, Array)
#1 D:\xampp\codeigniter\project-root\app\Views\header.php(44): session_start()
#2 D:\xampp\codeigniter\project-root\vendor\codeigniter4\framework\system\View\View.php(210): include('D:\\xampp\\codeig...')
#3 D:\xampp\codeigniter\project-root\vendor\codeigniter4\framework\system\View\View.php(213): CodeIgniter\View\View->CodeIgniter\View\{closure}()
#4 D:\xampp\codeigniter\project-root\vendor\codeigniter4\framework\system\Common.php(1089): CodeIgniter\View\View->render('header', Array, true)
#5 D:\xampp\codeigniter\project-root\app\Controllers\Home.php(29): view('header')
#6 D:\xampp\codeigniter\project-root\vendor\codeigniter4\framework\system\CodeIgniter.php(832): App\Controllers\Home->index()
#7 D:\xampp\codeigniter\project-root\vendor\codeigniter4\framework\system\CodeIgniter.php(419): CodeIgniter\CodeIgniter->runController(Object(App\Controllers\Home))
#8 D:\xampp\codeigniter\project-root\vendor\codeigniter4\framework\system\CodeIgniter.php(326): CodeIgniter\CodeIgniter->handleRequest(NULL, Object(Config\Cache), false)
#9 D:\xampp\codeigniter\project-root\public\index.php(37): CodeIgniter\CodeIgniter->run()
#10 D:\xampp\codeigniter\project-root\vendor\codeigniter4\framework\system\Commands\Server\rewrite.php(43): require_once('D:\\xampp\\codeig...')
#11 {main}
CRITICAL - 2022-06-14 07:39:45 --> session_start(): A session had already been started - ignoring
#0 [internal function]: CodeIgniter\Debug\Exceptions->errorHandler(8, 'session_start()...', 'D:\\xampp\\codeig...', 44, Array)
#1 D:\xampp\codeigniter\project-root\app\Views\header.php(44): session_start()
#2 D:\xampp\codeigniter\project-root\vendor\codeigniter4\framework\system\View\View.php(210): include('D:\\xampp\\codeig...')
#3 D:\xampp\codeigniter\project-root\vendor\codeigniter4\framework\system\View\View.php(213): CodeIgniter\View\View->CodeIgniter\View\{closure}()
#4 D:\xampp\codeigniter\project-root\vendor\codeigniter4\framework\system\Common.php(1089): CodeIgniter\View\View->render('header', Array, true)
#5 D:\xampp\codeigniter\project-root\app\Controllers\Home.php(29): view('header')
#6 D:\xampp\codeigniter\project-root\vendor\codeigniter4\framework\system\CodeIgniter.php(832): App\Controllers\Home->index()
#7 D:\xampp\codeigniter\project-root\vendor\codeigniter4\framework\system\CodeIgniter.php(419): CodeIgniter\CodeIgniter->runController(Object(App\Controllers\Home))
#8 D:\xampp\codeigniter\project-root\vendor\codeigniter4\framework\system\CodeIgniter.php(326): CodeIgniter\CodeIgniter->handleRequest(NULL, Object(Config\Cache), false)
#9 D:\xampp\codeigniter\project-root\public\index.php(37): CodeIgniter\CodeIgniter->run()
#10 D:\xampp\codeigniter\project-root\vendor\codeigniter4\framework\system\Commands\Server\rewrite.php(43): require_once('D:\\xampp\\codeig...')
#11 {main}
CRITICAL - 2022-06-14 07:39:46 --> session_start(): A session had already been started - ignoring
#0 [internal function]: CodeIgniter\Debug\Exceptions->errorHandler(8, 'session_start()...', 'D:\\xampp\\codeig...', 44, Array)
#1 D:\xampp\codeigniter\project-root\app\Views\header.php(44): session_start()
#2 D:\xampp\codeigniter\project-root\vendor\codeigniter4\framework\system\View\View.php(210): include('D:\\xampp\\codeig...')
#3 D:\xampp\codeigniter\project-root\vendor\codeigniter4\framework\system\View\View.php(213): CodeIgniter\View\View->CodeIgniter\View\{closure}()
#4 D:\xampp\codeigniter\project-root\vendor\codeigniter4\framework\system\Common.php(1089): CodeIgniter\View\View->render('header', Array, true)
#5 D:\xampp\codeigniter\project-root\app\Controllers\Home.php(29): view('header')
#6 D:\xampp\codeigniter\project-root\vendor\codeigniter4\framework\system\CodeIgniter.php(832): App\Controllers\Home->index()
#7 D:\xampp\codeigniter\project-root\vendor\codeigniter4\framework\system\CodeIgniter.php(419): CodeIgniter\CodeIgniter->runController(Object(App\Controllers\Home))
#8 D:\xampp\codeigniter\project-root\vendor\codeigniter4\framework\system\CodeIgniter.php(326): CodeIgniter\CodeIgniter->handleRequest(NULL, Object(Config\Cache), false)
#9 D:\xampp\codeigniter\project-root\public\index.php(37): CodeIgniter\CodeIgniter->run()
#10 D:\xampp\codeigniter\project-root\vendor\codeigniter4\framework\system\Commands\Server\rewrite.php(43): require_once('D:\\xampp\\codeig...')
#11 {main}
CRITICAL - 2022-06-14 07:40:31 --> session_start(): A session had already been started - ignoring
#0 [internal function]: CodeIgniter\Debug\Exceptions->errorHandler(8, 'session_start()...', 'D:\\xampp\\codeig...', 2, Array)
#1 D:\xampp\codeigniter\project-root\app\Views\header.php(2): session_start()
#2 D:\xampp\codeigniter\project-root\vendor\codeigniter4\framework\system\View\View.php(210): include('D:\\xampp\\codeig...')
#3 D:\xampp\codeigniter\project-root\vendor\codeigniter4\framework\system\View\View.php(213): CodeIgniter\View\View->CodeIgniter\View\{closure}()
#4 D:\xampp\codeigniter\project-root\vendor\codeigniter4\framework\system\Common.php(1089): CodeIgniter\View\View->render('header', Array, true)
#5 D:\xampp\codeigniter\project-root\app\Controllers\Home.php(29): view('header')
#6 D:\xampp\codeigniter\project-root\vendor\codeigniter4\framework\system\CodeIgniter.php(832): App\Controllers\Home->index()
#7 D:\xampp\codeigniter\project-root\vendor\codeigniter4\framework\system\CodeIgniter.php(419): CodeIgniter\CodeIgniter->runController(Object(App\Controllers\Home))
#8 D:\xampp\codeigniter\project-root\vendor\codeigniter4\framework\system\CodeIgniter.php(326): CodeIgniter\CodeIgniter->handleRequest(NULL, Object(Config\Cache), false)
#9 D:\xampp\codeigniter\project-root\public\index.php(37): CodeIgniter\CodeIgniter->run()
#10 D:\xampp\codeigniter\project-root\vendor\codeigniter4\framework\system\Commands\Server\rewrite.php(43): require_once('D:\\xampp\\codeig...')
#11 {main}
CRITICAL - 2022-06-14 07:40:42 --> Undefined index: nama
#0 D:\xampp\codeigniter\project-root\app\Views\header.php(54): CodeIgniter\Debug\Exceptions->errorHandler(8, 'Undefined index...', 'D:\\xampp\\codeig...', 54, Array)
#1 D:\xampp\codeigniter\project-root\vendor\codeigniter4\framework\system\View\View.php(210): include('D:\\xampp\\codeig...')
#2 D:\xampp\codeigniter\project-root\vendor\codeigniter4\framework\system\View\View.php(213): CodeIgniter\View\View->CodeIgniter\View\{closure}()
#3 D:\xampp\codeigniter\project-root\vendor\codeigniter4\framework\system\Common.php(1089): CodeIgniter\View\View->render('header', Array, true)
#4 D:\xampp\codeigniter\project-root\app\Controllers\Home.php(29): view('header')
#5 D:\xampp\codeigniter\project-root\vendor\codeigniter4\framework\system\CodeIgniter.php(832): App\Controllers\Home->index()
#6 D:\xampp\codeigniter\project-root\vendor\codeigniter4\framework\system\CodeIgniter.php(419): CodeIgniter\CodeIgniter->runController(Object(App\Controllers\Home))
#7 D:\xampp\codeigniter\project-root\vendor\codeigniter4\framework\system\CodeIgniter.php(326): CodeIgniter\CodeIgniter->handleRequest(NULL, Object(Config\Cache), false)
#8 D:\xampp\codeigniter\project-root\public\index.php(37): CodeIgniter\CodeIgniter->run()
#9 D:\xampp\codeigniter\project-root\vendor\codeigniter4\framework\system\Commands\Server\rewrite.php(43): require_once('D:\\xampp\\codeig...')
#10 {main}
CRITICAL - 2022-06-14 07:40:43 --> Undefined index: nama
#0 D:\xampp\codeigniter\project-root\app\Views\header.php(54): CodeIgniter\Debug\Exceptions->errorHandler(8, 'Undefined index...', 'D:\\xampp\\codeig...', 54, Array)
#1 D:\xampp\codeigniter\project-root\vendor\codeigniter4\framework\system\View\View.php(210): include('D:\\xampp\\codeig...')
#2 D:\xampp\codeigniter\project-root\vendor\codeigniter4\framework\system\View\View.php(213): CodeIgniter\View\View->CodeIgniter\View\{closure}()
#3 D:\xampp\codeigniter\project-root\vendor\codeigniter4\framework\system\Common.php(1089): CodeIgniter\View\View->render('header', Array, true)
#4 D:\xampp\codeigniter\project-root\app\Controllers\Home.php(29): view('header')
#5 D:\xampp\codeigniter\project-root\vendor\codeigniter4\framework\system\CodeIgniter.php(832): App\Controllers\Home->index()
#6 D:\xampp\codeigniter\project-root\vendor\codeigniter4\framework\system\CodeIgniter.php(419): CodeIgniter\CodeIgniter->runController(Object(App\Controllers\Home))
#7 D:\xampp\codeigniter\project-root\vendor\codeigniter4\framework\system\CodeIgniter.php(326): CodeIgniter\CodeIgniter->handleRequest(NULL, Object(Config\Cache), false)
#8 D:\xampp\codeigniter\project-root\public\index.php(37): CodeIgniter\CodeIgniter->run()
#9 D:\xampp\codeigniter\project-root\vendor\codeigniter4\framework\system\Commands\Server\rewrite.php(43): require_once('D:\\xampp\\codeig...')
#10 {main}
CRITICAL - 2022-06-14 07:41:11 --> Undefined index: nama
#0 D:\xampp\codeigniter\project-root\app\Views\header.php(54): CodeIgniter\Debug\Exceptions->errorHandler(8, 'Undefined index...', 'D:\\xampp\\codeig...', 54, Array)
#1 D:\xampp\codeigniter\project-root\vendor\codeigniter4\framework\system\View\View.php(210): include('D:\\xampp\\codeig...')
#2 D:\xampp\codeigniter\project-root\vendor\codeigniter4\framework\system\View\View.php(213): CodeIgniter\View\View->CodeIgniter\View\{closure}()
#3 D:\xampp\codeigniter\project-root\vendor\codeigniter4\framework\system\Common.php(1089): CodeIgniter\View\View->render('header', Array, true)
#4 D:\xampp\codeigniter\project-root\app\Controllers\Home.php(29): view('header')
#5 D:\xampp\codeigniter\project-root\vendor\codeigniter4\framework\system\CodeIgniter.php(832): App\Controllers\Home->index()
#6 D:\xampp\codeigniter\project-root\vendor\codeigniter4\framework\system\CodeIgniter.php(419): CodeIgniter\CodeIgniter->runController(Object(App\Controllers\Home))
#7 D:\xampp\codeigniter\project-root\vendor\codeigniter4\framework\system\CodeIgniter.php(326): CodeIgniter\CodeIgniter->handleRequest(NULL, Object(Config\Cache), false)
#8 D:\xampp\codeigniter\project-root\public\index.php(37): CodeIgniter\CodeIgniter->run()
#9 D:\xampp\codeigniter\project-root\vendor\codeigniter4\framework\system\Commands\Server\rewrite.php(43): require_once('D:\\xampp\\codeig...')
#10 {main}
CRITICAL - 2022-06-14 07:41:12 --> Undefined index: nama
#0 D:\xampp\codeigniter\project-root\app\Views\header.php(54): CodeIgniter\Debug\Exceptions->errorHandler(8, 'Undefined index...', 'D:\\xampp\\codeig...', 54, Array)
#1 D:\xampp\codeigniter\project-root\vendor\codeigniter4\framework\system\View\View.php(210): include('D:\\xampp\\codeig...')
#2 D:\xampp\codeigniter\project-root\vendor\codeigniter4\framework\system\View\View.php(213): CodeIgniter\View\View->CodeIgniter\View\{closure}()
#3 D:\xampp\codeigniter\project-root\vendor\codeigniter4\framework\system\Common.php(1089): CodeIgniter\View\View->render('header', Array, true)
#4 D:\xampp\codeigniter\project-root\app\Controllers\Home.php(29): view('header')
#5 D:\xampp\codeigniter\project-root\vendor\codeigniter4\framework\system\CodeIgniter.php(832): App\Controllers\Home->index()
#6 D:\xampp\codeigniter\project-root\vendor\codeigniter4\framework\system\CodeIgniter.php(419): CodeIgniter\CodeIgniter->runController(Object(App\Controllers\Home))
#7 D:\xampp\codeigniter\project-root\vendor\codeigniter4\framework\system\CodeIgniter.php(326): CodeIgniter\CodeIgniter->handleRequest(NULL, Object(Config\Cache), false)
#8 D:\xampp\codeigniter\project-root\public\index.php(37): CodeIgniter\CodeIgniter->run()
#9 D:\xampp\codeigniter\project-root\vendor\codeigniter4\framework\system\Commands\Server\rewrite.php(43): require_once('D:\\xampp\\codeig...')
#10 {main}
CRITICAL - 2022-06-14 07:49:45 --> Undefined variable: session
#0 D:\xampp\codeigniter\project-root\app\Views\header.php(62): CodeIgniter\Debug\Exceptions->errorHandler(8, 'Undefined varia...', 'D:\\xampp\\codeig...', 62, Array)
#1 D:\xampp\codeigniter\project-root\vendor\codeigniter4\framework\system\View\View.php(210): include('D:\\xampp\\codeig...')
#2 D:\xampp\codeigniter\project-root\vendor\codeigniter4\framework\system\View\View.php(213): CodeIgniter\View\View->CodeIgniter\View\{closure}()
#3 D:\xampp\codeigniter\project-root\vendor\codeigniter4\framework\system\Common.php(1089): CodeIgniter\View\View->render('header', Array, true)
#4 D:\xampp\codeigniter\project-root\app\Controllers\Home.php(29): view('header')
#5 D:\xampp\codeigniter\project-root\vendor\codeigniter4\framework\system\CodeIgniter.php(832): App\Controllers\Home->index()
#6 D:\xampp\codeigniter\project-root\vendor\codeigniter4\framework\system\CodeIgniter.php(419): CodeIgniter\CodeIgniter->runController(Object(App\Controllers\Home))
#7 D:\xampp\codeigniter\project-root\vendor\codeigniter4\framework\system\CodeIgniter.php(326): CodeIgniter\CodeIgniter->handleRequest(NULL, Object(Config\Cache), false)
#8 D:\xampp\codeigniter\project-root\public\index.php(37): CodeIgniter\CodeIgniter->run()
#9 D:\xampp\codeigniter\project-root\vendor\codeigniter4\framework\system\Commands\Server\rewrite.php(43): require_once('D:\\xampp\\codeig...')
#10 {main}
CRITICAL - 2022-06-14 07:52:14 --> Undefined variable: session
#0 D:\xampp\codeigniter\project-root\app\Views\header.php(62): CodeIgniter\Debug\Exceptions->errorHandler(8, 'Undefined varia...', 'D:\\xampp\\codeig...', 62, Array)
#1 D:\xampp\codeigniter\project-root\vendor\codeigniter4\framework\system\View\View.php(210): include('D:\\xampp\\codeig...')
#2 D:\xampp\codeigniter\project-root\vendor\codeigniter4\framework\system\View\View.php(213): CodeIgniter\View\View->CodeIgniter\View\{closure}()
#3 D:\xampp\codeigniter\project-root\vendor\codeigniter4\framework\system\Common.php(1089): CodeIgniter\View\View->render('header', Array, true)
#4 D:\xampp\codeigniter\project-root\app\Controllers\Home.php(29): view('header')
#5 D:\xampp\codeigniter\project-root\vendor\codeigniter4\framework\system\CodeIgniter.php(832): App\Controllers\Home->index()
#6 D:\xampp\codeigniter\project-root\vendor\codeigniter4\framework\system\CodeIgniter.php(419): CodeIgniter\CodeIgniter->runController(Object(App\Controllers\Home))
#7 D:\xampp\codeigniter\project-root\vendor\codeigniter4\framework\system\CodeIgniter.php(326): CodeIgniter\CodeIgniter->handleRequest(NULL, Object(Config\Cache), false)
#8 D:\xampp\codeigniter\project-root\public\index.php(37): CodeIgniter\CodeIgniter->run()
#9 D:\xampp\codeigniter\project-root\vendor\codeigniter4\framework\system\Commands\Server\rewrite.php(43): require_once('D:\\xampp\\codeig...')
#10 {main}
CRITICAL - 2022-06-14 07:52:15 --> Undefined variable: session
#0 D:\xampp\codeigniter\project-root\app\Views\header.php(62): CodeIgniter\Debug\Exceptions->errorHandler(8, 'Undefined varia...', 'D:\\xampp\\codeig...', 62, Array)
#1 D:\xampp\codeigniter\project-root\vendor\codeigniter4\framework\system\View\View.php(210): include('D:\\xampp\\codeig...')
#2 D:\xampp\codeigniter\project-root\vendor\codeigniter4\framework\system\View\View.php(213): CodeIgniter\View\View->CodeIgniter\View\{closure}()
#3 D:\xampp\codeigniter\project-root\vendor\codeigniter4\framework\system\Common.php(1089): CodeIgniter\View\View->render('header', Array, true)
#4 D:\xampp\codeigniter\project-root\app\Controllers\Home.php(29): view('header')
#5 D:\xampp\codeigniter\project-root\vendor\codeigniter4\framework\system\CodeIgniter.php(832): App\Controllers\Home->index()
#6 D:\xampp\codeigniter\project-root\vendor\codeigniter4\framework\system\CodeIgniter.php(419): CodeIgniter\CodeIgniter->runController(Object(App\Controllers\Home))
#7 D:\xampp\codeigniter\project-root\vendor\codeigniter4\framework\system\CodeIgniter.php(326): CodeIgniter\CodeIgniter->handleRequest(NULL, Object(Config\Cache), false)
#8 D:\xampp\codeigniter\project-root\public\index.php(37): CodeIgniter\CodeIgniter->run()
#9 D:\xampp\codeigniter\project-root\vendor\codeigniter4\framework\system\Commands\Server\rewrite.php(43): require_once('D:\\xampp\\codeig...')
#10 {main}
CRITICAL - 2022-06-14 07:52:17 --> Undefined variable: session
#0 D:\xampp\codeigniter\project-root\app\Views\header.php(62): CodeIgniter\Debug\Exceptions->errorHandler(8, 'Undefined varia...', 'D:\\xampp\\codeig...', 62, Array)
#1 D:\xampp\codeigniter\project-root\vendor\codeigniter4\framework\system\View\View.php(210): include('D:\\xampp\\codeig...')
#2 D:\xampp\codeigniter\project-root\vendor\codeigniter4\framework\system\View\View.php(213): CodeIgniter\View\View->CodeIgniter\View\{closure}()
#3 D:\xampp\codeigniter\project-root\vendor\codeigniter4\framework\system\Common.php(1089): CodeIgniter\View\View->render('header', Array, true)
#4 D:\xampp\codeigniter\project-root\app\Controllers\Home.php(29): view('header')
#5 D:\xampp\codeigniter\project-root\vendor\codeigniter4\framework\system\CodeIgniter.php(832): App\Controllers\Home->index()
#6 D:\xampp\codeigniter\project-root\vendor\codeigniter4\framework\system\CodeIgniter.php(419): CodeIgniter\CodeIgniter->runController(Object(App\Controllers\Home))
#7 D:\xampp\codeigniter\project-root\vendor\codeigniter4\framework\system\CodeIgniter.php(326): CodeIgniter\CodeIgniter->handleRequest(NULL, Object(Config\Cache), false)
#8 D:\xampp\codeigniter\project-root\public\index.php(37): CodeIgniter\CodeIgniter->run()
#9 D:\xampp\codeigniter\project-root\vendor\codeigniter4\framework\system\Commands\Server\rewrite.php(43): require_once('D:\\xampp\\codeig...')
#10 {main}
CRITICAL - 2022-06-14 07:52:18 --> Undefined variable: session
#0 D:\xampp\codeigniter\project-root\app\Views\header.php(62): CodeIgniter\Debug\Exceptions->errorHandler(8, 'Undefined varia...', 'D:\\xampp\\codeig...', 62, Array)
#1 D:\xampp\codeigniter\project-root\vendor\codeigniter4\framework\system\View\View.php(210): include('D:\\xampp\\codeig...')
#2 D:\xampp\codeigniter\project-root\vendor\codeigniter4\framework\system\View\View.php(213): CodeIgniter\View\View->CodeIgniter\View\{closure}()
#3 D:\xampp\codeigniter\project-root\vendor\codeigniter4\framework\system\Common.php(1089): CodeIgniter\View\View->render('header', Array, true)
#4 D:\xampp\codeigniter\project-root\app\Controllers\Home.php(29): view('header')
#5 D:\xampp\codeigniter\project-root\vendor\codeigniter4\framework\system\CodeIgniter.php(832): App\Controllers\Home->index()
#6 D:\xampp\codeigniter\project-root\vendor\codeigniter4\framework\system\CodeIgniter.php(419): CodeIgniter\CodeIgniter->runController(Object(App\Controllers\Home))
#7 D:\xampp\codeigniter\project-root\vendor\codeigniter4\framework\system\CodeIgniter.php(326): CodeIgniter\CodeIgniter->handleRequest(NULL, Object(Config\Cache), false)
#8 D:\xampp\codeigniter\project-root\public\index.php(37): CodeIgniter\CodeIgniter->run()
#9 D:\xampp\codeigniter\project-root\vendor\codeigniter4\framework\system\Commands\Server\rewrite.php(43): require_once('D:\\xampp\\codeig...')
#10 {main}
CRITICAL - 2022-06-14 07:52:32 --> Undefined variable: session
#0 D:\xampp\codeigniter\project-root\app\Views\header.php(62): CodeIgniter\Debug\Exceptions->errorHandler(8, 'Undefined varia...', 'D:\\xampp\\codeig...', 62, Array)
#1 D:\xampp\codeigniter\project-root\vendor\codeigniter4\framework\system\View\View.php(210): include('D:\\xampp\\codeig...')
#2 D:\xampp\codeigniter\project-root\vendor\codeigniter4\framework\system\View\View.php(213): CodeIgniter\View\View->CodeIgniter\View\{closure}()
#3 D:\xampp\codeigniter\project-root\vendor\codeigniter4\framework\system\Common.php(1089): CodeIgniter\View\View->render('header', Array, true)
#4 D:\xampp\codeigniter\project-root\app\Controllers\Home.php(29): view('header')
#5 D:\xampp\codeigniter\project-root\vendor\codeigniter4\framework\system\CodeIgniter.php(832): App\Controllers\Home->index()
#6 D:\xampp\codeigniter\project-root\vendor\codeigniter4\framework\system\CodeIgniter.php(419): CodeIgniter\CodeIgniter->runController(Object(App\Controllers\Home))
#7 D:\xampp\codeigniter\project-root\vendor\codeigniter4\framework\system\CodeIgniter.php(326): CodeIgniter\CodeIgniter->handleRequest(NULL, Object(Config\Cache), false)
#8 D:\xampp\codeigniter\project-root\public\index.php(37): CodeIgniter\CodeIgniter->run()
#9 D:\xampp\codeigniter\project-root\vendor\codeigniter4\framework\system\Commands\Server\rewrite.php(43): require_once('D:\\xampp\\codeig...')
#10 {main}
CRITICAL - 2022-06-14 07:52:46 --> Undefined variable: session
#0 D:\xampp\codeigniter\project-root\app\Views\header.php(62): CodeIgniter\Debug\Exceptions->errorHandler(8, 'Undefined varia...', 'D:\\xampp\\codeig...', 62, Array)
#1 D:\xampp\codeigniter\project-root\vendor\codeigniter4\framework\system\View\View.php(210): include('D:\\xampp\\codeig...')
#2 D:\xampp\codeigniter\project-root\vendor\codeigniter4\framework\system\View\View.php(213): CodeIgniter\View\View->CodeIgniter\View\{closure}()
#3 D:\xampp\codeigniter\project-root\vendor\codeigniter4\framework\system\Common.php(1089): CodeIgniter\View\View->render('header', Array, true)
#4 D:\xampp\codeigniter\project-root\app\Controllers\Home.php(29): view('header')
#5 D:\xampp\codeigniter\project-root\vendor\codeigniter4\framework\system\CodeIgniter.php(832): App\Controllers\Home->index()
#6 D:\xampp\codeigniter\project-root\vendor\codeigniter4\framework\system\CodeIgniter.php(419): CodeIgniter\CodeIgniter->runController(Object(App\Controllers\Home))
#7 D:\xampp\codeigniter\project-root\vendor\codeigniter4\framework\system\CodeIgniter.php(326): CodeIgniter\CodeIgniter->handleRequest(NULL, Object(Config\Cache), false)
#8 D:\xampp\codeigniter\project-root\public\index.php(37): CodeIgniter\CodeIgniter->run()
#9 D:\xampp\codeigniter\project-root\vendor\codeigniter4\framework\system\Commands\Server\rewrite.php(43): require_once('D:\\xampp\\codeig...')
#10 {main}
CRITICAL - 2022-06-14 07:52:48 --> Undefined variable: session
#0 D:\xampp\codeigniter\project-root\app\Views\header.php(62): CodeIgniter\Debug\Exceptions->errorHandler(8, 'Undefined varia...', 'D:\\xampp\\codeig...', 62, Array)
#1 D:\xampp\codeigniter\project-root\vendor\codeigniter4\framework\system\View\View.php(210): include('D:\\xampp\\codeig...')
#2 D:\xampp\codeigniter\project-root\vendor\codeigniter4\framework\system\View\View.php(213): CodeIgniter\View\View->CodeIgniter\View\{closure}()
#3 D:\xampp\codeigniter\project-root\vendor\codeigniter4\framework\system\Common.php(1089): CodeIgniter\View\View->render('header', Array, true)
#4 D:\xampp\codeigniter\project-root\app\Controllers\Home.php(29): view('header')
#5 D:\xampp\codeigniter\project-root\vendor\codeigniter4\framework\system\CodeIgniter.php(832): App\Controllers\Home->index()
#6 D:\xampp\codeigniter\project-root\vendor\codeigniter4\framework\system\CodeIgniter.php(419): CodeIgniter\CodeIgniter->runController(Object(App\Controllers\Home))
#7 D:\xampp\codeigniter\project-root\vendor\codeigniter4\framework\system\CodeIgniter.php(326): CodeIgniter\CodeIgniter->handleRequest(NULL, Object(Config\Cache), false)
#8 D:\xampp\codeigniter\project-root\public\index.php(37): CodeIgniter\CodeIgniter->run()
#9 D:\xampp\codeigniter\project-root\vendor\codeigniter4\framework\system\Commands\Server\rewrite.php(43): require_once('D:\\xampp\\codeig...')
#10 {main}
CRITICAL - 2022-06-14 08:10:34 --> Undefined variable: session
#0 D:\xampp\codeigniter\project-root\app\Views\header.php(54): CodeIgniter\Debug\Exceptions->errorHandler(8, 'Undefined varia...', 'D:\\xampp\\codeig...', 54, Array)
#1 D:\xampp\codeigniter\project-root\vendor\codeigniter4\framework\system\View\View.php(210): include('D:\\xampp\\codeig...')
#2 D:\xampp\codeigniter\project-root\vendor\codeigniter4\framework\system\View\View.php(213): CodeIgniter\View\View->CodeIgniter\View\{closure}()
#3 D:\xampp\codeigniter\project-root\vendor\codeigniter4\framework\system\Common.php(1089): CodeIgniter\View\View->render('header', Array, true)
#4 D:\xampp\codeigniter\project-root\app\Controllers\Home.php(24): view('header')
#5 D:\xampp\codeigniter\project-root\vendor\codeigniter4\framework\system\CodeIgniter.php(832): App\Controllers\Home->index()
#6 D:\xampp\codeigniter\project-root\vendor\codeigniter4\framework\system\CodeIgniter.php(419): CodeIgniter\CodeIgniter->runController(Object(App\Controllers\Home))
#7 D:\xampp\codeigniter\project-root\vendor\codeigniter4\framework\system\CodeIgniter.php(326): CodeIgniter\CodeIgniter->handleRequest(NULL, Object(Config\Cache), false)
#8 D:\xampp\codeigniter\project-root\public\index.php(37): CodeIgniter\CodeIgniter->run()
#9 D:\xampp\codeigniter\project-root\vendor\codeigniter4\framework\system\Commands\Server\rewrite.php(43): require_once('D:\\xampp\\codeig...')
#10 {main}
CRITICAL - 2022-06-14 08:13:44 --> Undefined variable: session
#0 D:\xampp\codeigniter\project-root\app\Views\header.php(54): CodeIgniter\Debug\Exceptions->errorHandler(8, 'Undefined varia...', 'D:\\xampp\\codeig...', 54, Array)
#1 D:\xampp\codeigniter\project-root\vendor\codeigniter4\framework\system\View\View.php(210): include('D:\\xampp\\codeig...')
#2 D:\xampp\codeigniter\project-root\vendor\codeigniter4\framework\system\View\View.php(213): CodeIgniter\View\View->CodeIgniter\View\{closure}()
#3 D:\xampp\codeigniter\project-root\vendor\codeigniter4\framework\system\Common.php(1089): CodeIgniter\View\View->render('header', Array, true)
#4 D:\xampp\codeigniter\project-root\app\Controllers\Home.php(24): view('header')
#5 D:\xampp\codeigniter\project-root\vendor\codeigniter4\framework\system\CodeIgniter.php(832): App\Controllers\Home->index()
#6 D:\xampp\codeigniter\project-root\vendor\codeigniter4\framework\system\CodeIgniter.php(419): CodeIgniter\CodeIgniter->runController(Object(App\Controllers\Home))
#7 D:\xampp\codeigniter\project-root\vendor\codeigniter4\framework\system\CodeIgniter.php(326): CodeIgniter\CodeIgniter->handleRequest(NULL, Object(Config\Cache), false)
#8 D:\xampp\codeigniter\project-root\public\index.php(37): CodeIgniter\CodeIgniter->run()
#9 D:\xampp\codeigniter\project-root\vendor\codeigniter4\framework\system\Commands\Server\rewrite.php(43): require_once('D:\\xampp\\codeig...')
#10 {main}
CRITICAL - 2022-06-14 08:13:45 --> Undefined variable: session
#0 D:\xampp\codeigniter\project-root\app\Views\header.php(54): CodeIgniter\Debug\Exceptions->errorHandler(8, 'Undefined varia...', 'D:\\xampp\\codeig...', 54, Array)
#1 D:\xampp\codeigniter\project-root\vendor\codeigniter4\framework\system\View\View.php(210): include('D:\\xampp\\codeig...')
#2 D:\xampp\codeigniter\project-root\vendor\codeigniter4\framework\system\View\View.php(213): CodeIgniter\View\View->CodeIgniter\View\{closure}()
#3 D:\xampp\codeigniter\project-root\vendor\codeigniter4\framework\system\Common.php(1089): CodeIgniter\View\View->render('header', Array, true)
#4 D:\xampp\codeigniter\project-root\app\Controllers\Home.php(24): view('header')
#5 D:\xampp\codeigniter\project-root\vendor\codeigniter4\framework\system\CodeIgniter.php(832): App\Controllers\Home->index()
#6 D:\xampp\codeigniter\project-root\vendor\codeigniter4\framework\system\CodeIgniter.php(419): CodeIgniter\CodeIgniter->runController(Object(App\Controllers\Home))
#7 D:\xampp\codeigniter\project-root\vendor\codeigniter4\framework\system\CodeIgniter.php(326): CodeIgniter\CodeIgniter->handleRequest(NULL, Object(Config\Cache), false)
#8 D:\xampp\codeigniter\project-root\public\index.php(37): CodeIgniter\CodeIgniter->run()
#9 D:\xampp\codeigniter\project-root\vendor\codeigniter4\framework\system\Commands\Server\rewrite.php(43): require_once('D:\\xampp\\codeig...')
#10 {main}
CRITICAL - 2022-06-14 08:13:46 --> Undefined variable: session
#0 D:\xampp\codeigniter\project-root\app\Views\header.php(54): CodeIgniter\Debug\Exceptions->errorHandler(8, 'Undefined varia...', 'D:\\xampp\\codeig...', 54, Array)
#1 D:\xampp\codeigniter\project-root\vendor\codeigniter4\framework\system\View\View.php(210): include('D:\\xampp\\codeig...')
#2 D:\xampp\codeigniter\project-root\vendor\codeigniter4\framework\system\View\View.php(213): CodeIgniter\View\View->CodeIgniter\View\{closure}()
#3 D:\xampp\codeigniter\project-root\vendor\codeigniter4\framework\system\Common.php(1089): CodeIgniter\View\View->render('header', Array, true)
#4 D:\xampp\codeigniter\project-root\app\Controllers\Home.php(24): view('header')
#5 D:\xampp\codeigniter\project-root\vendor\codeigniter4\framework\system\CodeIgniter.php(832): App\Controllers\Home->index()
#6 D:\xampp\codeigniter\project-root\vendor\codeigniter4\framework\system\CodeIgniter.php(419): CodeIgniter\CodeIgniter->runController(Object(App\Controllers\Home))
#7 D:\xampp\codeigniter\project-root\vendor\codeigniter4\framework\system\CodeIgniter.php(326): CodeIgniter\CodeIgniter->handleRequest(NULL, Object(Config\Cache), false)
#8 D:\xampp\codeigniter\project-root\public\index.php(37): CodeIgniter\CodeIgniter->run()
#9 D:\xampp\codeigniter\project-root\vendor\codeigniter4\framework\system\Commands\Server\rewrite.php(43): require_once('D:\\xampp\\codeig...')
#10 {main}
CRITICAL - 2022-06-14 08:13:48 --> Undefined variable: session
#0 D:\xampp\codeigniter\project-root\app\Views\header.php(54): CodeIgniter\Debug\Exceptions->errorHandler(8, 'Undefined varia...', 'D:\\xampp\\codeig...', 54, Array)
#1 D:\xampp\codeigniter\project-root\vendor\codeigniter4\framework\system\View\View.php(210): include('D:\\xampp\\codeig...')
#2 D:\xampp\codeigniter\project-root\vendor\codeigniter4\framework\system\View\View.php(213): CodeIgniter\View\View->CodeIgniter\View\{closure}()
#3 D:\xampp\codeigniter\project-root\vendor\codeigniter4\framework\system\Common.php(1089): CodeIgniter\View\View->render('header', Array, true)
#4 D:\xampp\codeigniter\project-root\app\Controllers\Home.php(24): view('header')
#5 D:\xampp\codeigniter\project-root\vendor\codeigniter4\framework\system\CodeIgniter.php(832): App\Controllers\Home->index()
#6 D:\xampp\codeigniter\project-root\vendor\codeigniter4\framework\system\CodeIgniter.php(419): CodeIgniter\CodeIgniter->runController(Object(App\Controllers\Home))
#7 D:\xampp\codeigniter\project-root\vendor\codeigniter4\framework\system\CodeIgniter.php(326): CodeIgniter\CodeIgniter->handleRequest(NULL, Object(Config\Cache), false)
#8 D:\xampp\codeigniter\project-root\public\index.php(37): CodeIgniter\CodeIgniter->run()
#9 D:\xampp\codeigniter\project-root\vendor\codeigniter4\framework\system\Commands\Server\rewrite.php(43): require_once('D:\\xampp\\codeig...')
#10 {main}
CRITICAL - 2022-06-14 08:15:21 --> Undefined property: App\Controllers\Home::$load
#0 D:\xampp\codeigniter\project-root\app\Controllers\Home.php(15): CodeIgniter\Debug\Exceptions->errorHandler(8, 'Undefined prope...', 'D:\\xampp\\codeig...', 15, Array)
#1 D:\xampp\codeigniter\project-root\vendor\codeigniter4\framework\system\CodeIgniter.php(809): App\Controllers\Home->__construct()
#2 D:\xampp\codeigniter\project-root\vendor\codeigniter4\framework\system\CodeIgniter.php(410): CodeIgniter\CodeIgniter->createController()
#3 D:\xampp\codeigniter\project-root\vendor\codeigniter4\framework\system\CodeIgniter.php(326): CodeIgniter\CodeIgniter->handleRequest(NULL, Object(Config\Cache), false)
#4 D:\xampp\codeigniter\project-root\public\index.php(37): CodeIgniter\CodeIgniter->run()
#5 D:\xampp\codeigniter\project-root\vendor\codeigniter4\framework\system\Commands\Server\rewrite.php(43): require_once('D:\\xampp\\codeig...')
#6 {main}
CRITICAL - 2022-06-14 08:15:22 --> Undefined property: App\Controllers\Home::$load
#0 D:\xampp\codeigniter\project-root\app\Controllers\Home.php(15): CodeIgniter\Debug\Exceptions->errorHandler(8, 'Undefined prope...', 'D:\\xampp\\codeig...', 15, Array)
#1 D:\xampp\codeigniter\project-root\vendor\codeigniter4\framework\system\CodeIgniter.php(809): App\Controllers\Home->__construct()
#2 D:\xampp\codeigniter\project-root\vendor\codeigniter4\framework\system\CodeIgniter.php(410): CodeIgniter\CodeIgniter->createController()
#3 D:\xampp\codeigniter\project-root\vendor\codeigniter4\framework\system\CodeIgniter.php(326): CodeIgniter\CodeIgniter->handleRequest(NULL, Object(Config\Cache), false)
#4 D:\xampp\codeigniter\project-root\public\index.php(37): CodeIgniter\CodeIgniter->run()
#5 D:\xampp\codeigniter\project-root\vendor\codeigniter4\framework\system\Commands\Server\rewrite.php(43): require_once('D:\\xampp\\codeig...')
#6 {main}
CRITICAL - 2022-06-14 08:16:04 --> Undefined property: App\Controllers\Home::$session
#0 D:\xampp\codeigniter\project-root\app\Controllers\Home.php(15): CodeIgniter\Debug\Exceptions->errorHandler(8, 'Undefined prope...', 'D:\\xampp\\codeig...', 15, Array)
#1 D:\xampp\codeigniter\project-root\vendor\codeigniter4\framework\system\CodeIgniter.php(809): App\Controllers\Home->__construct()
#2 D:\xampp\codeigniter\project-root\vendor\codeigniter4\framework\system\CodeIgniter.php(410): CodeIgniter\CodeIgniter->createController()
#3 D:\xampp\codeigniter\project-root\vendor\codeigniter4\framework\system\CodeIgniter.php(326): CodeIgniter\CodeIgniter->handleRequest(NULL, Object(Config\Cache), false)
#4 D:\xampp\codeigniter\project-root\public\index.php(37): CodeIgniter\CodeIgniter->run()
#5 D:\xampp\codeigniter\project-root\vendor\codeigniter4\framework\system\Commands\Server\rewrite.php(43): require_once('D:\\xampp\\codeig...')
#6 {main}
CRITICAL - 2022-06-14 08:16:23 --> Undefined property: App\Controllers\Home::$session
#0 D:\xampp\codeigniter\project-root\app\Controllers\Home.php(15): CodeIgniter\Debug\Exceptions->errorHandler(8, 'Undefined prope...', 'D:\\xampp\\codeig...', 15, Array)
#1 D:\xampp\codeigniter\project-root\vendor\codeigniter4\framework\system\CodeIgniter.php(809): App\Controllers\Home->__construct()
#2 D:\xampp\codeigniter\project-root\vendor\codeigniter4\framework\system\CodeIgniter.php(410): CodeIgniter\CodeIgniter->createController()
#3 D:\xampp\codeigniter\project-root\vendor\codeigniter4\framework\system\CodeIgniter.php(326): CodeIgniter\CodeIgniter->handleRequest(NULL, Object(Config\Cache), false)
#4 D:\xampp\codeigniter\project-root\public\index.php(37): CodeIgniter\CodeIgniter->run()
#5 D:\xampp\codeigniter\project-root\vendor\codeigniter4\framework\system\Commands\Server\rewrite.php(43): require_once('D:\\xampp\\codeig...')
#6 {main}
CRITICAL - 2022-06-14 08:17:16 --> Undefined property: App\Controllers\Home::$load
#0 D:\xampp\codeigniter\project-root\app\Controllers\Home.php(15): CodeIgniter\Debug\Exceptions->errorHandler(8, 'Undefined prope...', 'D:\\xampp\\codeig...', 15, Array)
#1 D:\xampp\codeigniter\project-root\vendor\codeigniter4\framework\system\CodeIgniter.php(809): App\Controllers\Home->__construct()
#2 D:\xampp\codeigniter\project-root\vendor\codeigniter4\framework\system\CodeIgniter.php(410): CodeIgniter\CodeIgniter->createController()
#3 D:\xampp\codeigniter\project-root\vendor\codeigniter4\framework\system\CodeIgniter.php(326): CodeIgniter\CodeIgniter->handleRequest(NULL, Object(Config\Cache), false)
#4 D:\xampp\codeigniter\project-root\public\index.php(37): CodeIgniter\CodeIgniter->run()
#5 D:\xampp\codeigniter\project-root\vendor\codeigniter4\framework\system\Commands\Server\rewrite.php(43): require_once('D:\\xampp\\codeig...')
#6 {main}
CRITICAL - 2022-06-14 08:17:17 --> Undefined property: App\Controllers\Home::$load
#0 D:\xampp\codeigniter\project-root\app\Controllers\Home.php(15): CodeIgniter\Debug\Exceptions->errorHandler(8, 'Undefined prope...', 'D:\\xampp\\codeig...', 15, Array)
#1 D:\xampp\codeigniter\project-root\vendor\codeigniter4\framework\system\CodeIgniter.php(809): App\Controllers\Home->__construct()
#2 D:\xampp\codeigniter\project-root\vendor\codeigniter4\framework\system\CodeIgniter.php(410): CodeIgniter\CodeIgniter->createController()
#3 D:\xampp\codeigniter\project-root\vendor\codeigniter4\framework\system\CodeIgniter.php(326): CodeIgniter\CodeIgniter->handleRequest(NULL, Object(Config\Cache), false)
#4 D:\xampp\codeigniter\project-root\public\index.php(37): CodeIgniter\CodeIgniter->run()
#5 D:\xampp\codeigniter\project-root\vendor\codeigniter4\framework\system\Commands\Server\rewrite.php(43): require_once('D:\\xampp\\codeig...')
#6 {main}
CRITICAL - 2022-06-14 09:52:40 --> Undefined property: App\Controllers\Home::$load
#0 C:\xampp\codeigniter\project-root\app\Controllers\Home.php(15): CodeIgniter\Debug\Exceptions->errorHandler(8, 'Undefined prope...', 'C:\\xampp\\codeig...', 15, Array)
#1 C:\xampp\codeigniter\project-root\vendor\codeigniter4\framework\system\CodeIgniter.php(809): App\Controllers\Home->__construct()
#2 C:\xampp\codeigniter\project-root\vendor\codeigniter4\framework\system\CodeIgniter.php(410): CodeIgniter\CodeIgniter->createController()
#3 C:\xampp\codeigniter\project-root\vendor\codeigniter4\framework\system\CodeIgniter.php(326): CodeIgniter\CodeIgniter->handleRequest(NULL, Object(Config\Cache), false)
#4 C:\xampp\codeigniter\project-root\public\index.php(37): CodeIgniter\CodeIgniter->run()
#5 C:\xampp\codeigniter\project-root\vendor\codeigniter4\framework\system\Commands\Server\rewrite.php(43): require_once('C:\\xampp\\codeig...')
#6 {main}
CRITICAL - 2022-06-14 10:24:38 --> Undefined variable: _SESSION
#0 C:\xampp\codeigniter\project-root\app\Views\header.php(56): CodeIgniter\Debug\Exceptions->errorHandler(8, 'Undefined varia...', 'C:\\xampp\\codeig...', 56, Array)
#1 C:\xampp\codeigniter\project-root\vendor\codeigniter4\framework\system\View\View.php(210): include('C:\\xampp\\codeig...')
#2 C:\xampp\codeigniter\project-root\vendor\codeigniter4\framework\system\View\View.php(213): CodeIgniter\View\View->CodeIgniter\View\{closure}()
#3 C:\xampp\codeigniter\project-root\vendor\codeigniter4\framework\system\Common.php(1089): CodeIgniter\View\View->render('header', Array, true)
#4 C:\xampp\codeigniter\project-root\app\Controllers\Page.php(10): view('header')
#5 C:\xampp\codeigniter\project-root\vendor\codeigniter4\framework\system\CodeIgniter.php(832): App\Controllers\Page->about()
#6 C:\xampp\codeigniter\project-root\vendor\codeigniter4\framework\system\CodeIgniter.php(419): CodeIgniter\CodeIgniter->runController(Object(App\Controllers\Page))
#7 C:\xampp\codeigniter\project-root\vendor\codeigniter4\framework\system\CodeIgniter.php(326): CodeIgniter\CodeIgniter->handleRequest(NULL, Object(Config\Cache), false)
#8 C:\xampp\codeigniter\project-root\public\index.php(37): CodeIgniter\CodeIgniter->run()
#9 C:\xampp\codeigniter\project-root\vendor\codeigniter4\framework\system\Commands\Server\rewrite.php(43): require_once('C:\\xampp\\codeig...')
#10 {main}
CRITICAL - 2022-06-14 10:26:55 --> Undefined variable: _SESSION
#0 C:\xampp\codeigniter\project-root\app\Views\header.php(54): CodeIgniter\Debug\Exceptions->errorHandler(8, 'Undefined varia...', 'C:\\xampp\\codeig...', 54, Array)
#1 C:\xampp\codeigniter\project-root\vendor\codeigniter4\framework\system\View\View.php(210): include('C:\\xampp\\codeig...')
#2 C:\xampp\codeigniter\project-root\vendor\codeigniter4\framework\system\View\View.php(213): CodeIgniter\View\View->CodeIgniter\View\{closure}()
#3 C:\xampp\codeigniter\project-root\vendor\codeigniter4\framework\system\Common.php(1089): CodeIgniter\View\View->render('header', Array, true)
#4 C:\xampp\codeigniter\project-root\app\Controllers\Page.php(15): view('header')
#5 C:\xampp\codeigniter\project-root\vendor\codeigniter4\framework\system\CodeIgniter.php(832): App\Controllers\Page->contact()
#6 C:\xampp\codeigniter\project-root\vendor\codeigniter4\framework\system\CodeIgniter.php(419): CodeIgniter\CodeIgniter->runController(Object(App\Controllers\Page))
#7 C:\xampp\codeigniter\project-root\vendor\codeigniter4\framework\system\CodeIgniter.php(326): CodeIgniter\CodeIgniter->handleRequest(NULL, Object(Config\Cache), false)
#8 C:\xampp\codeigniter\project-root\public\index.php(37): CodeIgniter\CodeIgniter->run()
#9 C:\xampp\codeigniter\project-root\vendor\codeigniter4\framework\system\Commands\Server\rewrite.php(43): require_once('C:\\xampp\\codeig...')
#10 {main}
CRITICAL - 2022-06-14 10:26:59 --> Undefined variable: _SESSION
#0 C:\xampp\codeigniter\project-root\app\Views\header.php(54): CodeIgniter\Debug\Exceptions->errorHandler(8, 'Undefined varia...', 'C:\\xampp\\codeig...', 54, Array)
#1 C:\xampp\codeigniter\project-root\vendor\codeigniter4\framework\system\View\View.php(210): include('C:\\xampp\\codeig...')
#2 C:\xampp\codeigniter\project-root\vendor\codeigniter4\framework\system\View\View.php(213): CodeIgniter\View\View->CodeIgniter\View\{closure}()
#3 C:\xampp\codeigniter\project-root\vendor\codeigniter4\framework\system\Common.php(1089): CodeIgniter\View\View->render('header', Array, true)
#4 C:\xampp\codeigniter\project-root\app\Controllers\Page.php(10): view('header')
#5 C:\xampp\codeigniter\project-root\vendor\codeigniter4\framework\system\CodeIgniter.php(832): App\Controllers\Page->about()
#6 C:\xampp\codeigniter\project-root\vendor\codeigniter4\framework\system\CodeIgniter.php(419): CodeIgniter\CodeIgniter->runController(Object(App\Controllers\Page))
#7 C:\xampp\codeigniter\project-root\vendor\codeigniter4\framework\system\CodeIgniter.php(326): CodeIgniter\CodeIgniter->handleRequest(NULL, Object(Config\Cache), false)
#8 C:\xampp\codeigniter\project-root\public\index.php(37): CodeIgniter\CodeIgniter->run()
#9 C:\xampp\codeigniter\project-root\vendor\codeigniter4\framework\system\Commands\Server\rewrite.php(43): require_once('C:\\xampp\\codeig...')
#10 {main}
CRITICAL - 2022-06-14 10:30:02 --> Undefined variable: _SESSION
#0 C:\xampp\codeigniter\project-root\app\Views\header.php(54): CodeIgniter\Debug\Exceptions->errorHandler(8, 'Undefined varia...', 'C:\\xampp\\codeig...', 54, Array)
#1 C:\xampp\codeigniter\project-root\vendor\codeigniter4\framework\system\View\View.php(210): include('C:\\xampp\\codeig...')
#2 C:\xampp\codeigniter\project-root\vendor\codeigniter4\framework\system\View\View.php(213): CodeIgniter\View\View->CodeIgniter\View\{closure}()
#3 C:\xampp\codeigniter\project-root\vendor\codeigniter4\framework\system\Common.php(1089): CodeIgniter\View\View->render('header', Array, true)
#4 C:\xampp\codeigniter\project-root\app\Controllers\Page.php(15): view('header')
#5 C:\xampp\codeigniter\project-root\vendor\codeigniter4\framework\system\CodeIgniter.php(832): App\Controllers\Page->contact()
#6 C:\xampp\codeigniter\project-root\vendor\codeigniter4\framework\system\CodeIgniter.php(419): CodeIgniter\CodeIgniter->runController(Object(App\Controllers\Page))
#7 C:\xampp\codeigniter\project-root\vendor\codeigniter4\framework\system\CodeIgniter.php(326): CodeIgniter\CodeIgniter->handleRequest(NULL, Object(Config\Cache), false)
#8 C:\xampp\codeigniter\project-root\public\index.php(37): CodeIgniter\CodeIgniter->run()
#9 C:\xampp\codeigniter\project-root\vendor\codeigniter4\framework\system\Commands\Server\rewrite.php(43): require_once('C:\\xampp\\codeig...')
#10 {main}
CRITICAL - 2022-06-14 10:33:43 --> Undefined variable: _SESSION
#0 C:\xampp\codeigniter\project-root\app\Views\header.php(54): CodeIgniter\Debug\Exceptions->errorHandler(8, 'Undefined varia...', 'C:\\xampp\\codeig...', 54, Array)
#1 C:\xampp\codeigniter\project-root\vendor\codeigniter4\framework\system\View\View.php(210): include('C:\\xampp\\codeig...')
#2 C:\xampp\codeigniter\project-root\vendor\codeigniter4\framework\system\View\View.php(213): CodeIgniter\View\View->CodeIgniter\View\{closure}()
#3 C:\xampp\codeigniter\project-root\vendor\codeigniter4\framework\system\Common.php(1089): CodeIgniter\View\View->render('header', Array, true)
#4 C:\xampp\codeigniter\project-root\app\Controllers\Page.php(10): view('header')
#5 C:\xampp\codeigniter\project-root\vendor\codeigniter4\framework\system\CodeIgniter.php(832): App\Controllers\Page->about()
#6 C:\xampp\codeigniter\project-root\vendor\codeigniter4\framework\system\CodeIgniter.php(419): CodeIgniter\CodeIgniter->runController(Object(App\Controllers\Page))
#7 C:\xampp\codeigniter\project-root\vendor\codeigniter4\framework\system\CodeIgniter.php(326): CodeIgniter\CodeIgniter->handleRequest(NULL, Object(Config\Cache), false)
#8 C:\xampp\codeigniter\project-root\public\index.php(37): CodeIgniter\CodeIgniter->run()
#9 C:\xampp\codeigniter\project-root\vendor\codeigniter4\framework\system\Commands\Server\rewrite.php(43): require_once('C:\\xampp\\codeig...')
#10 {main}
CRITICAL - 2022-06-14 12:08:08 --> Undefined variable: _SESSION
#0 C:\xampp\codeigniter\project-root\app\Views\header.php(54): CodeIgniter\Debug\Exceptions->errorHandler(8, 'Undefined varia...', 'C:\\xampp\\codeig...', 54, Array)
#1 C:\xampp\codeigniter\project-root\vendor\codeigniter4\framework\system\View\View.php(210): include('C:\\xampp\\codeig...')
#2 C:\xampp\codeigniter\project-root\vendor\codeigniter4\framework\system\View\View.php(213): CodeIgniter\View\View->CodeIgniter\View\{closure}()
#3 C:\xampp\codeigniter\project-root\vendor\codeigniter4\framework\system\Common.php(1089): CodeIgniter\View\View->render('header', Array, true)
#4 C:\xampp\codeigniter\project-root\app\Controllers\Page.php(15): view('header')
#5 C:\xampp\codeigniter\project-root\vendor\codeigniter4\framework\system\CodeIgniter.php(832): App\Controllers\Page->contact()
#6 C:\xampp\codeigniter\project-root\vendor\codeigniter4\framework\system\CodeIgniter.php(419): CodeIgniter\CodeIgniter->runController(Object(App\Controllers\Page))
#7 C:\xampp\codeigniter\project-root\vendor\codeigniter4\framework\system\CodeIgniter.php(326): CodeIgniter\CodeIgniter->handleRequest(NULL, Object(Config\Cache), false)
#8 C:\xampp\codeigniter\project-root\public\index.php(37): CodeIgniter\CodeIgniter->run()
#9 C:\xampp\codeigniter\project-root\vendor\codeigniter4\framework\system\Commands\Server\rewrite.php(43): require_once('C:\\xampp\\codeig...')
#10 {main}
CRITICAL - 2022-06-14 12:11:49 --> Undefined variable: _SESSION
#0 C:\xampp\codeigniter\project-root\app\Views\header.php(54): CodeIgniter\Debug\Exceptions->errorHandler(8, 'Undefined varia...', 'C:\\xampp\\codeig...', 54, Array)
#1 C:\xampp\codeigniter\project-root\vendor\codeigniter4\framework\system\View\View.php(210): include('C:\\xampp\\codeig...')
#2 C:\xampp\codeigniter\project-root\vendor\codeigniter4\framework\system\View\View.php(213): CodeIgniter\View\View->CodeIgniter\View\{closure}()
#3 C:\xampp\codeigniter\project-root\vendor\codeigniter4\framework\system\Common.php(1089): CodeIgniter\View\View->render('header', Array, true)
#4 C:\xampp\codeigniter\project-root\app\Controllers\Page.php(23): view('header')
#5 C:\xampp\codeigniter\project-root\vendor\codeigniter4\framework\system\CodeIgniter.php(832): App\Controllers\Page->contact()
#6 C:\xampp\codeigniter\project-root\vendor\codeigniter4\framework\system\CodeIgniter.php(419): CodeIgniter\CodeIgniter->runController(Object(App\Controllers\Page))
#7 C:\xampp\codeigniter\project-root\vendor\codeigniter4\framework\system\CodeIgniter.php(326): CodeIgniter\CodeIgniter->handleRequest(NULL, Object(Config\Cache), false)
#8 C:\xampp\codeigniter\project-root\public\index.php(37): CodeIgniter\CodeIgniter->run()
#9 C:\xampp\codeigniter\project-root\vendor\codeigniter4\framework\system\Commands\Server\rewrite.php(43): require_once('C:\\xampp\\codeig...')
#10 {main}
CRITICAL - 2022-06-14 12:32:59 --> Undefined variable: _SESSION
#0 C:\xampp\codeigniter\project-root\app\Views\header.php(54): CodeIgniter\Debug\Exceptions->errorHandler(8, 'Undefined varia...', 'C:\\xampp\\codeig...', 54, Array)
#1 C:\xampp\codeigniter\project-root\vendor\codeigniter4\framework\system\View\View.php(210): include('C:\\xampp\\codeig...')
#2 C:\xampp\codeigniter\project-root\vendor\codeigniter4\framework\system\View\View.php(213): CodeIgniter\View\View->CodeIgniter\View\{closure}()
#3 C:\xampp\codeigniter\project-root\vendor\codeigniter4\framework\system\Common.php(1089): CodeIgniter\View\View->render('header', Array, true)
#4 C:\xampp\codeigniter\project-root\app\Controllers\Page.php(23): view('header')
#5 C:\xampp\codeigniter\project-root\vendor\codeigniter4\framework\system\CodeIgniter.php(832): App\Controllers\Page->contact()
#6 C:\xampp\codeigniter\project-root\vendor\codeigniter4\framework\system\CodeIgniter.php(419): CodeIgniter\CodeIgniter->runController(Object(App\Controllers\Page))
#7 C:\xampp\codeigniter\project-root\vendor\codeigniter4\framework\system\CodeIgniter.php(326): CodeIgniter\CodeIgniter->handleRequest(NULL, Object(Config\Cache), false)
#8 C:\xampp\codeigniter\project-root\public\index.php(37): CodeIgniter\CodeIgniter->run()
#9 C:\xampp\codeigniter\project-root\vendor\codeigniter4\framework\system\Commands\Server\rewrite.php(43): require_once('C:\\xampp\\codeig...')
#10 {main}
