CRITICAL - 2022-05-28 00:02:44 --> Undefined variable: query
#0 D:\xampp\codeigniter\project-root\app\Views\dashboard.php(2): CodeIgniter\Debug\Exceptions->errorHandler(8, 'Undefined varia...', 'D:\\xampp\\codeig...', 2, Array)
#1 D:\xampp\codeigniter\project-root\vendor\codeigniter4\framework\system\View\View.php(210): include('D:\\xampp\\codeig...')
#2 D:\xampp\codeigniter\project-root\vendor\codeigniter4\framework\system\View\View.php(213): CodeIgniter\View\View->CodeIgniter\View\{closure}()
#3 D:\xampp\codeigniter\project-root\vendor\codeigniter4\framework\system\Common.php(1089): CodeIgniter\View\View->render('dashboard', Array, true)
#4 D:\xampp\codeigniter\project-root\app\Controllers\Home.php(24): view('dashboard', Array)
#5 D:\xampp\codeigniter\project-root\vendor\codeigniter4\framework\system\CodeIgniter.php(832): App\Controllers\Home->index()
#6 D:\xampp\codeigniter\project-root\vendor\codeigniter4\framework\system\CodeIgniter.php(419): CodeIgniter\CodeIgniter->runController(Object(App\Controllers\Home))
#7 D:\xampp\codeigniter\project-root\vendor\codeigniter4\framework\system\CodeIgniter.php(326): CodeIgniter\CodeIgniter->handleRequest(NULL, Object(Config\Cache), false)
#8 D:\xampp\codeigniter\project-root\public\index.php(37): CodeIgniter\CodeIgniter->run()
#9 D:\xampp\codeigniter\project-root\vendor\codeigniter4\framework\system\Commands\Server\rewrite.php(43): require_once('D:\\xampp\\codeig...')
#10 {main}
CRITICAL - 2022-05-28 00:03:11 --> Undefined variable: query
#0 D:\xampp\codeigniter\project-root\app\Views\dashboard.php(2): CodeIgniter\Debug\Exceptions->errorHandler(8, 'Undefined varia...', 'D:\\xampp\\codeig...', 2, Array)
#1 D:\xampp\codeigniter\project-root\vendor\codeigniter4\framework\system\View\View.php(210): include('D:\\xampp\\codeig...')
#2 D:\xampp\codeigniter\project-root\vendor\codeigniter4\framework\system\View\View.php(213): CodeIgniter\View\View->CodeIgniter\View\{closure}()
#3 D:\xampp\codeigniter\project-root\vendor\codeigniter4\framework\system\Common.php(1089): CodeIgniter\View\View->render('dashboard', Array, true)
#4 D:\xampp\codeigniter\project-root\app\Controllers\Home.php(24): view('dashboard', Array)
#5 D:\xampp\codeigniter\project-root\vendor\codeigniter4\framework\system\CodeIgniter.php(832): App\Controllers\Home->index()
#6 D:\xampp\codeigniter\project-root\vendor\codeigniter4\framework\system\CodeIgniter.php(419): CodeIgniter\CodeIgniter->runController(Object(App\Controllers\Home))
#7 D:\xampp\codeigniter\project-root\vendor\codeigniter4\framework\system\CodeIgniter.php(326): CodeIgniter\CodeIgniter->handleRequest(NULL, Object(Config\Cache), false)
#8 D:\xampp\codeigniter\project-root\public\index.php(37): CodeIgniter\CodeIgniter->run()
#9 D:\xampp\codeigniter\project-root\vendor\codeigniter4\framework\system\Commands\Server\rewrite.php(43): require_once('D:\\xampp\\codeig...')
#10 {main}
CRITICAL - 2022-05-28 00:03:13 --> Undefined variable: query
#0 D:\xampp\codeigniter\project-root\app\Views\dashboard.php(2): CodeIgniter\Debug\Exceptions->errorHandler(8, 'Undefined varia...', 'D:\\xampp\\codeig...', 2, Array)
#1 D:\xampp\codeigniter\project-root\vendor\codeigniter4\framework\system\View\View.php(210): include('D:\\xampp\\codeig...')
#2 D:\xampp\codeigniter\project-root\vendor\codeigniter4\framework\system\View\View.php(213): CodeIgniter\View\View->CodeIgniter\View\{closure}()
#3 D:\xampp\codeigniter\project-root\vendor\codeigniter4\framework\system\Common.php(1089): CodeIgniter\View\View->render('dashboard', Array, true)
#4 D:\xampp\codeigniter\project-root\app\Controllers\Home.php(24): view('dashboard', Array)
#5 D:\xampp\codeigniter\project-root\vendor\codeigniter4\framework\system\CodeIgniter.php(832): App\Controllers\Home->index()
#6 D:\xampp\codeigniter\project-root\vendor\codeigniter4\framework\system\CodeIgniter.php(419): CodeIgniter\CodeIgniter->runController(Object(App\Controllers\Home))
#7 D:\xampp\codeigniter\project-root\vendor\codeigniter4\framework\system\CodeIgniter.php(326): CodeIgniter\CodeIgniter->handleRequest(NULL, Object(Config\Cache), false)
#8 D:\xampp\codeigniter\project-root\public\index.php(37): CodeIgniter\CodeIgniter->run()
#9 D:\xampp\codeigniter\project-root\vendor\codeigniter4\framework\system\Commands\Server\rewrite.php(43): require_once('D:\\xampp\\codeig...')
#10 {main}
CRITICAL - 2022-05-28 01:28:13 --> Too few arguments to function App\Controllers\Home::ubahData(), 0 passed in D:\xampp\codeigniter\project-root\vendor\codeigniter4\framework\system\CodeIgniter.php on line 832 and exactly 1 expected
#0 D:\xampp\codeigniter\project-root\vendor\codeigniter4\framework\system\CodeIgniter.php(832): App\Controllers\Home->ubahData()
#1 D:\xampp\codeigniter\project-root\vendor\codeigniter4\framework\system\CodeIgniter.php(419): CodeIgniter\CodeIgniter->runController(Object(App\Controllers\Home))
#2 D:\xampp\codeigniter\project-root\vendor\codeigniter4\framework\system\CodeIgniter.php(326): CodeIgniter\CodeIgniter->handleRequest(NULL, Object(Config\Cache), false)
#3 D:\xampp\codeigniter\project-root\public\index.php(37): CodeIgniter\CodeIgniter->run()
#4 D:\xampp\codeigniter\project-root\vendor\codeigniter4\framework\system\Commands\Server\rewrite.php(43): require_once('D:\\xampp\\codeig...')
#5 {main}
CRITICAL - 2022-05-28 02:53:46 --> Too few arguments to function App\Controllers\Home::hapusData(), 0 passed in D:\xampp\codeigniter\project-root\vendor\codeigniter4\framework\system\CodeIgniter.php on line 832 and exactly 1 expected
#0 D:\xampp\codeigniter\project-root\vendor\codeigniter4\framework\system\CodeIgniter.php(832): App\Controllers\Home->hapusData()
#1 D:\xampp\codeigniter\project-root\vendor\codeigniter4\framework\system\CodeIgniter.php(419): CodeIgniter\CodeIgniter->runController(Object(App\Controllers\Home))
#2 D:\xampp\codeigniter\project-root\vendor\codeigniter4\framework\system\CodeIgniter.php(326): CodeIgniter\CodeIgniter->handleRequest(NULL, Object(Config\Cache), false)
#3 D:\xampp\codeigniter\project-root\public\index.php(37): CodeIgniter\CodeIgniter->run()
#4 D:\xampp\codeigniter\project-root\vendor\codeigniter4\framework\system\Commands\Server\rewrite.php(43): require_once('D:\\xampp\\codeig...')
#5 {main}
