CRITICAL - 2022-04-11 04:10:21 --> Invalid file: home/yoyo.php
#0 D:\xampp\codeigniter\project-root\vendor\codeigniter4\framework\system\View\View.php(198): CodeIgniter\Exceptions\FrameworkException::forInvalidFile('home/yoyo.php')
#1 D:\xampp\codeigniter\project-root\vendor\codeigniter4\framework\system\Common.php(1089): CodeIgniter\View\View->render('home/yoyo', Array, true)
#2 D:\xampp\codeigniter\project-root\app\Controllers\Page.php(20): view('home/yoyo')
#3 D:\xampp\codeigniter\project-root\vendor\codeigniter4\framework\system\CodeIgniter.php(832): App\Controllers\Page->sitemap()
#4 D:\xampp\codeigniter\project-root\vendor\codeigniter4\framework\system\CodeIgniter.php(419): CodeIgniter\CodeIgniter->runController(Object(App\Controllers\Page))
#5 D:\xampp\codeigniter\project-root\vendor\codeigniter4\framework\system\CodeIgniter.php(326): CodeIgniter\CodeIgniter->handleRequest(NULL, Object(Config\Cache), false)
#6 D:\xampp\codeigniter\project-root\public\index.php(37): CodeIgniter\CodeIgniter->run()
#7 D:\xampp\codeigniter\project-root\vendor\codeigniter4\framework\system\Commands\Server\rewrite.php(43): require_once('D:\\xampp\\codeig...')
#8 {main}
CRITICAL - 2022-04-11 04:11:56 --> Invalid file: home/yoyo.php
#0 D:\xampp\codeigniter\project-root\vendor\codeigniter4\framework\system\View\View.php(198): CodeIgniter\Exceptions\FrameworkException::forInvalidFile('home/yoyo.php')
#1 D:\xampp\codeigniter\project-root\vendor\codeigniter4\framework\system\Common.php(1089): CodeIgniter\View\View->render('home/yoyo', Array, true)
#2 D:\xampp\codeigniter\project-root\app\Controllers\Page.php(20): view('home/yoyo')
#3 D:\xampp\codeigniter\project-root\vendor\codeigniter4\framework\system\CodeIgniter.php(832): App\Controllers\Page->sitemap()
#4 D:\xampp\codeigniter\project-root\vendor\codeigniter4\framework\system\CodeIgniter.php(419): CodeIgniter\CodeIgniter->runController(Object(App\Controllers\Page))
#5 D:\xampp\codeigniter\project-root\vendor\codeigniter4\framework\system\CodeIgniter.php(326): CodeIgniter\CodeIgniter->handleRequest(NULL, Object(Config\Cache), false)
#6 D:\xampp\codeigniter\project-root\public\index.php(37): CodeIgniter\CodeIgniter->run()
#7 D:\xampp\codeigniter\project-root\vendor\codeigniter4\framework\system\Commands\Server\rewrite.php(43): require_once('D:\\xampp\\codeig...')
#8 {main}
CRITICAL - 2022-04-11 04:11:57 --> Invalid file: home/yoyo.php
#0 D:\xampp\codeigniter\project-root\vendor\codeigniter4\framework\system\View\View.php(198): CodeIgniter\Exceptions\FrameworkException::forInvalidFile('home/yoyo.php')
#1 D:\xampp\codeigniter\project-root\vendor\codeigniter4\framework\system\Common.php(1089): CodeIgniter\View\View->render('home/yoyo', Array, true)
#2 D:\xampp\codeigniter\project-root\app\Controllers\Page.php(20): view('home/yoyo')
#3 D:\xampp\codeigniter\project-root\vendor\codeigniter4\framework\system\CodeIgniter.php(832): App\Controllers\Page->sitemap()
#4 D:\xampp\codeigniter\project-root\vendor\codeigniter4\framework\system\CodeIgniter.php(419): CodeIgniter\CodeIgniter->runController(Object(App\Controllers\Page))
#5 D:\xampp\codeigniter\project-root\vendor\codeigniter4\framework\system\CodeIgniter.php(326): CodeIgniter\CodeIgniter->handleRequest(NULL, Object(Config\Cache), false)
#6 D:\xampp\codeigniter\project-root\public\index.php(37): CodeIgniter\CodeIgniter->run()
#7 D:\xampp\codeigniter\project-root\vendor\codeigniter4\framework\system\Commands\Server\rewrite.php(43): require_once('D:\\xampp\\codeig...')
#8 {main}
CRITICAL - 2022-04-11 04:12:17 --> Invalid file: yoyo.php
#0 D:\xampp\codeigniter\project-root\vendor\codeigniter4\framework\system\View\View.php(198): CodeIgniter\Exceptions\FrameworkException::forInvalidFile('yoyo.php')
#1 D:\xampp\codeigniter\project-root\vendor\codeigniter4\framework\system\Common.php(1089): CodeIgniter\View\View->render('yoyo', Array, true)
#2 D:\xampp\codeigniter\project-root\app\Controllers\Page.php(20): view('yoyo')
#3 D:\xampp\codeigniter\project-root\vendor\codeigniter4\framework\system\CodeIgniter.php(832): App\Controllers\Page->sitemap()
#4 D:\xampp\codeigniter\project-root\vendor\codeigniter4\framework\system\CodeIgniter.php(419): CodeIgniter\CodeIgniter->runController(Object(App\Controllers\Page))
#5 D:\xampp\codeigniter\project-root\vendor\codeigniter4\framework\system\CodeIgniter.php(326): CodeIgniter\CodeIgniter->handleRequest(NULL, Object(Config\Cache), false)
#6 D:\xampp\codeigniter\project-root\public\index.php(37): CodeIgniter\CodeIgniter->run()
#7 D:\xampp\codeigniter\project-root\vendor\codeigniter4\framework\system\Commands\Server\rewrite.php(43): require_once('D:\\xampp\\codeig...')
#8 {main}
CRITICAL - 2022-04-11 04:12:18 --> Invalid file: yoyo.php
#0 D:\xampp\codeigniter\project-root\vendor\codeigniter4\framework\system\View\View.php(198): CodeIgniter\Exceptions\FrameworkException::forInvalidFile('yoyo.php')
#1 D:\xampp\codeigniter\project-root\vendor\codeigniter4\framework\system\Common.php(1089): CodeIgniter\View\View->render('yoyo', Array, true)
#2 D:\xampp\codeigniter\project-root\app\Controllers\Page.php(20): view('yoyo')
#3 D:\xampp\codeigniter\project-root\vendor\codeigniter4\framework\system\CodeIgniter.php(832): App\Controllers\Page->sitemap()
#4 D:\xampp\codeigniter\project-root\vendor\codeigniter4\framework\system\CodeIgniter.php(419): CodeIgniter\CodeIgniter->runController(Object(App\Controllers\Page))
#5 D:\xampp\codeigniter\project-root\vendor\codeigniter4\framework\system\CodeIgniter.php(326): CodeIgniter\CodeIgniter->handleRequest(NULL, Object(Config\Cache), false)
#6 D:\xampp\codeigniter\project-root\public\index.php(37): CodeIgniter\CodeIgniter->run()
#7 D:\xampp\codeigniter\project-root\vendor\codeigniter4\framework\system\Commands\Server\rewrite.php(43): require_once('D:\\xampp\\codeig...')
#8 {main}
CRITICAL - 2022-04-11 04:12:42 --> Invalid file: index/yoyo.php
#0 D:\xampp\codeigniter\project-root\vendor\codeigniter4\framework\system\View\View.php(198): CodeIgniter\Exceptions\FrameworkException::forInvalidFile('index/yoyo.php')
#1 D:\xampp\codeigniter\project-root\vendor\codeigniter4\framework\system\Common.php(1089): CodeIgniter\View\View->render('index/yoyo', Array, true)
#2 D:\xampp\codeigniter\project-root\app\Controllers\Page.php(20): view('index/yoyo')
#3 D:\xampp\codeigniter\project-root\vendor\codeigniter4\framework\system\CodeIgniter.php(832): App\Controllers\Page->sitemap()
#4 D:\xampp\codeigniter\project-root\vendor\codeigniter4\framework\system\CodeIgniter.php(419): CodeIgniter\CodeIgniter->runController(Object(App\Controllers\Page))
#5 D:\xampp\codeigniter\project-root\vendor\codeigniter4\framework\system\CodeIgniter.php(326): CodeIgniter\CodeIgniter->handleRequest(NULL, Object(Config\Cache), false)
#6 D:\xampp\codeigniter\project-root\public\index.php(37): CodeIgniter\CodeIgniter->run()
#7 D:\xampp\codeigniter\project-root\vendor\codeigniter4\framework\system\Commands\Server\rewrite.php(43): require_once('D:\\xampp\\codeig...')
#8 {main}
CRITICAL - 2022-04-11 21:13:15 --> include_once(header): failed to open stream: No such file or directory
#0 D:\xampp\codeigniter\project-root\app\Views\yoyoDashboard.php(54): CodeIgniter\Debug\Exceptions->errorHandler(2, 'include_once(he...', 'D:\\xampp\\codeig...', 54, Array)
#1 D:\xampp\codeigniter\project-root\app\Views\yoyoDashboard.php(54): include_once()
#2 D:\xampp\codeigniter\project-root\vendor\codeigniter4\framework\system\View\View.php(210): include('D:\\xampp\\codeig...')
#3 D:\xampp\codeigniter\project-root\vendor\codeigniter4\framework\system\View\View.php(213): CodeIgniter\View\View->CodeIgniter\View\{closure}()
#4 D:\xampp\codeigniter\project-root\vendor\codeigniter4\framework\system\Common.php(1089): CodeIgniter\View\View->render('yoyoDashboard', Array, true)
#5 D:\xampp\codeigniter\project-root\app\Controllers\Home.php(11): view('yoyoDashboard')
#6 D:\xampp\codeigniter\project-root\vendor\codeigniter4\framework\system\CodeIgniter.php(832): App\Controllers\Home->index()
#7 D:\xampp\codeigniter\project-root\vendor\codeigniter4\framework\system\CodeIgniter.php(419): CodeIgniter\CodeIgniter->runController(Object(App\Controllers\Home))
#8 D:\xampp\codeigniter\project-root\vendor\codeigniter4\framework\system\CodeIgniter.php(326): CodeIgniter\CodeIgniter->handleRequest(NULL, Object(Config\Cache), false)
#9 D:\xampp\codeigniter\project-root\public\index.php(37): CodeIgniter\CodeIgniter->run()
#10 D:\xampp\codeigniter\project-root\vendor\codeigniter4\framework\system\Commands\Server\rewrite.php(43): require_once('D:\\xampp\\codeig...')
#11 {main}
