CRITICAL - 2022-05-27 23:45:08 --> Undefined property: App\Controllers\Home::$db
#0 D:\xampp\codeigniter\project-root\app\Controllers\Home.php(9): CodeIgniter\Debug\Exceptions->errorHandler(8, 'Undefined prope...', 'D:\\xampp\\codeig...', 9, Array)
#1 D:\xampp\codeigniter\project-root\vendor\codeigniter4\framework\system\CodeIgniter.php(809): App\Controllers\Home->__construct()
#2 D:\xampp\codeigniter\project-root\vendor\codeigniter4\framework\system\CodeIgniter.php(410): CodeIgniter\CodeIgniter->createController()
#3 D:\xampp\codeigniter\project-root\vendor\codeigniter4\framework\system\CodeIgniter.php(326): CodeIgniter\CodeIgniter->handleRequest(NULL, Object(Config\Cache), false)
#4 D:\xampp\codeigniter\project-root\public\index.php(37): CodeIgniter\CodeIgniter->run()
#5 D:\xampp\codeigniter\project-root\vendor\codeigniter4\framework\system\Commands\Server\rewrite.php(43): require_once('D:\\xampp\\codeig...')
#6 {main}
CRITICAL - 2022-05-27 23:45:34 --> Undefined property: App\Controllers\Home::$db
#0 D:\xampp\codeigniter\project-root\app\Controllers\Home.php(9): CodeIgniter\Debug\Exceptions->errorHandler(8, 'Undefined prope...', 'D:\\xampp\\codeig...', 9, Array)
#1 D:\xampp\codeigniter\project-root\vendor\codeigniter4\framework\system\CodeIgniter.php(809): App\Controllers\Home->__construct()
#2 D:\xampp\codeigniter\project-root\vendor\codeigniter4\framework\system\CodeIgniter.php(410): CodeIgniter\CodeIgniter->createController()
#3 D:\xampp\codeigniter\project-root\vendor\codeigniter4\framework\system\CodeIgniter.php(326): CodeIgniter\CodeIgniter->handleRequest(NULL, Object(Config\Cache), false)
#4 D:\xampp\codeigniter\project-root\public\index.php(37): CodeIgniter\CodeIgniter->run()
#5 D:\xampp\codeigniter\project-root\vendor\codeigniter4\framework\system\Commands\Server\rewrite.php(43): require_once('D:\\xampp\\codeig...')
#6 {main}
CRITICAL - 2022-05-27 23:45:36 --> Undefined property: App\Controllers\Home::$db
#0 D:\xampp\codeigniter\project-root\app\Controllers\Home.php(9): CodeIgniter\Debug\Exceptions->errorHandler(8, 'Undefined prope...', 'D:\\xampp\\codeig...', 9, Array)
#1 D:\xampp\codeigniter\project-root\vendor\codeigniter4\framework\system\CodeIgniter.php(809): App\Controllers\Home->__construct()
#2 D:\xampp\codeigniter\project-root\vendor\codeigniter4\framework\system\CodeIgniter.php(410): CodeIgniter\CodeIgniter->createController()
#3 D:\xampp\codeigniter\project-root\vendor\codeigniter4\framework\system\CodeIgniter.php(326): CodeIgniter\CodeIgniter->handleRequest(NULL, Object(Config\Cache), false)
#4 D:\xampp\codeigniter\project-root\public\index.php(37): CodeIgniter\CodeIgniter->run()
#5 D:\xampp\codeigniter\project-root\vendor\codeigniter4\framework\system\Commands\Server\rewrite.php(43): require_once('D:\\xampp\\codeig...')
#6 {main}
